\BOOKMARK [0][-]{chapter.3}{\376\377\000T\000h\000e\000o\000r\000i\000t\000i\000c\000a\000l\000\040\000O\000v\000e\000r\000v\000i\000e\000w}{}% 1
\BOOKMARK [1][-]{section.4}{\376\377\000U\000n\000i\000t\000s\000\040\000i\000n\000\040\000p\000a\000r\000t\000i\000c\000l\000e\000\040\000p\000h\000y\000s\000i\000c\000s}{chapter.3}% 2
\BOOKMARK [1][-]{section.6}{\376\377\000S\000p\000e\000c\000i\000a\000l\000\040\000R\000e\000l\000a\000t\000i\000v\000i\000t\000y}{chapter.3}% 3
\BOOKMARK [2][-]{subsection.7}{\376\377\000F\000o\000u\000r\000-\000V\000e\000c\000t\000o\000r\000s\000\040\000-\000\040\000L\000o\000r\000e\000n\000t\000z\000\040\000t\000r\000a\000n\000s\000f\000o\000r\000m\000a\000t\000i\000o\000n\000s}{section.6}% 4
\BOOKMARK [2][-]{subsection.14}{\376\377\000E\000n\000e\000r\000g\000y\000\040\000a\000n\000d\000\040\000M\000o\000m\000e\000n\000t\000u\000m}{section.6}% 5
\BOOKMARK [1][-]{section.19}{\376\377\000T\000h\000e\000\040\000s\000t\000a\000n\000d\000a\000r\000d\000\040\000m\000o\000d\000e\000l}{chapter.3}% 6
\BOOKMARK [0][-]{chapter.21}{\376\377\000A\000c\000c\000e\000l\000e\000r\000a\000t\000o\000r\000s\000\040\000a\000n\000d\000\040\000D\000e\000t\000e\000c\000t\000o\000r\000s\000:\000\040\000t\000h\000e\000\040\000L\000H\000C\000\040\000a\000n\000d\000\040\000t\000h\000e\000\040\000C\000M\000S}{}% 7
\BOOKMARK [1][-]{section.22}{\376\377\000T\000h\000e\000\040\000L\000a\000r\000g\000e\000\040\000H\000a\000d\000r\000o\000n\000\040\000C\000o\000l\000l\000i\000d\000e\000r}{chapter.21}% 8
\BOOKMARK [1][-]{section.23}{\376\377\000T\000h\000e\000\040\000C\000o\000m\000p\000a\000c\000t\000\040\000M\000u\000o\000n\000\040\000S\000o\000l\000e\000n\000o\000i\000d}{chapter.21}% 9
\BOOKMARK [2][-]{subsection.24}{\376\377\000O\000v\000e\000r\000v\000i\000e\000w}{section.23}% 10
\BOOKMARK [2][-]{subsection.26}{\376\377\000C\000o\000o\000r\000d\000i\000n\000a\000t\000e\000\040\000c\000o\000n\000v\000e\000n\000t\000i\000o\000n\000\040\000a\000t\000\040\000t\000h\000e\000\040\000C\000M\000S}{section.23}% 11
\BOOKMARK [2][-]{subsection.31}{\376\377\000P\000o\000s\000i\000t\000i\000o\000n\000\040\000t\000r\000a\000c\000k\000i\000n\000g\000\040\000a\000n\000d\000\040\000m\000o\000m\000e\000n\000t\000u\000m\000\040\000m\000e\000a\000s\000u\000r\000e\000m\000e\000n\000t\000s\000:\000\040\000S\000i\000l\000i\000c\000o\000n\000\040\000T\000r\000a\000c\000k\000e\000r}{section.23}% 12
\BOOKMARK [2][-]{subsection.33}{\376\377\000E\000n\000e\000r\000g\000y\000\040\000M\000e\000a\000s\000u\000r\000e\000m\000e\000n\000t\000s\000:\000\040\000C\000a\000l\000o\000r\000i\000m\000e\000t\000e\000r\000s}{section.23}% 13
\BOOKMARK [2][-]{subsection.37}{\376\377\000D\000e\000t\000e\000c\000t\000i\000n\000g\000\040\000M\000u\000o\000n\000s}{section.23}% 14
\BOOKMARK [1][-]{section.39}{\376\377\000E\000v\000e\000n\000t\000\040\000R\000e\000c\000o\000n\000s\000t\000r\000u\000c\000t\000i\000o\000n\000\040\000\046\000\040\000D\000e\000t\000e\000c\000t\000o\000r\000\040\000C\000a\000l\000i\000b\000r\000a\000t\000i\000o\000n}{chapter.21}% 15
\BOOKMARK [2][-]{subsection.40}{\376\377\000E\000v\000e\000n\000t\000\040\000R\000e\000c\000o\000n\000s\000t\000r\000u\000c\000t\000i\000o\000n}{section.39}% 16
\BOOKMARK [2][-]{subsection.41}{\376\377\000C\000a\000l\000l\000i\000b\000r\000a\000t\000i\000o\000n\000\040\000a\000n\000d\000\040\000e\000n\000e\000r\000g\000y\000\040\000s\000c\000a\000l\000e\000\040\000u\000n\000c\000e\000r\000t\000a\000i\000n\000t\000i\000e\000s}{section.39}% 17
\BOOKMARK [0][-]{chapter.42}{\376\377\000M\000u\000l\000t\000i\000\040\000v\000a\000r\000i\000a\000t\000e\000\040\000a\000n\000d\000\040\000s\000i\000n\000g\000l\000e\000\040\000v\000a\000r\000i\000a\000t\000e\000\040\000c\000l\000a\000s\000s\000i\000f\000i\000c\000a\000t\000i\000o\000n\000\040\000t\000e\000c\000h\000n\000i\000q\000u\000e\000s}{}% 18
\BOOKMARK [1][-]{section.43}{\376\377\000M\000u\000l\000t\000i\000v\000a\000r\000i\000a\000t\000e\000\040\000t\000e\000c\000h\000n\000i\000q\000i\000e\000s\000:\000\040\000D\000e\000c\000i\000s\000i\000o\000n\000\040\000t\000r\000e\000e\000s\000\040\000a\000n\000d\000\040\000S\000u\000p\000e\000r\000v\000i\000s\000e\000d\000\040\000L\000e\000a\000r\000n\000i\000n\000g}{chapter.42}% 19
\BOOKMARK [2][-]{subsection.44}{\376\377\000S\000u\000p\000e\000r\000v\000i\000s\000e\000d\000\040\000l\000e\000a\000r\000n\000i\000n\000g}{section.43}% 20
\BOOKMARK [2][-]{subsection.50}{\376\377\000D\000e\000c\000i\000s\000i\000o\000n\000\040\000T\000r\000e\000e\000s}{section.43}% 21
\BOOKMARK [2][-]{subsection.60}{\376\377\000S\000i\000g\000n\000a\000l\000\040\000f\000r\000o\000m\000\040\000b\000a\000c\000k\000g\000r\000o\000u\000n\000d\000\040\000s\000e\000p\000a\000r\000a\000t\000i\000o\000n\000\040\000u\000s\000i\000n\000g\000\040\000B\000D\000T}{section.43}% 22
\BOOKMARK [1][-]{section.61}{\376\377\000S\000i\000g\000n\000l\000e\000v\000a\000r\000i\000a\000t\000e\000\040\000T\000e\000c\000h\000n\000i\000q\000u\000e\000s\000:\000\040\000F\000i\000t\000\040\000b\000a\000s\000e\000d\000\040\000c\000l\000a\000s\000s\000i\000f\000i\000c\000a\000t\000i\000o\000n}{chapter.42}% 23
\BOOKMARK [1][-]{section.66}{\376\377\000S\000t\000a\000t\000i\000s\000t\000i\000c\000a\000l\000\040\000i\000n\000t\000e\000r\000p\000r\000e\000t\000a\000t\000i\000o\000n\000\040\000o\000f\000\040\000t\000h\000e\000\040\000r\000e\000s\000u\000l\000t\000s}{chapter.42}% 24
\BOOKMARK [0][-]{chapter.68}{\376\377\000S\000e\000a\000r\000c\000h\000\040\000f\000o\000r\000\040\000h\000e\000a\000v\000y\000\040\000Y\000\040\000X\000X}{}% 25
\BOOKMARK [1][-]{section.69}{\376\377\000T\000h\000e\000\040\000Y\000\040\000X\000X\000c\000h\000a\000n\000n\000e\000l}{chapter.68}% 26
\BOOKMARK [1][-]{section.72}{\376\377\000E\000n\000e\000r\000g\000y\000\040\000s\000c\000a\000l\000e\000\040\000u\000n\000c\000e\000r\000t\000a\000i\000n\000t\000i\000e\000s}{chapter.68}% 27
\BOOKMARK [1][-]{section.74}{\376\377\000A\000n\000a\000l\000y\000s\000i\000s\000\040\000M\000e\000t\000h\000o\000d\000\040\000I\000:\000\040\000T\000r\000a\000i\000n\000i\000n\000g\000\040\000a\000\040\000B\000D\000T\000\040\000C\000l\000a\000s\000s\000i\000f\000i\000e\000r}{chapter.68}% 28
\BOOKMARK [2][-]{subsection.75}{\376\377\000T\000h\000e\000\040\000T\000r\000a\000i\000n\000/\000T\000e\000s\000t\000/\000A\000p\000p\000l\000i\000c\000a\000t\000i\000o\000n\000\040\000d\000a\000t\000a\000\040\000s\000e\000t\000s}{section.74}% 29
\BOOKMARK [2][-]{subsection.77}{\376\377\000T\000r\000a\000i\000n\000i\000n\000g}{section.74}% 30
\BOOKMARK [2][-]{subsection.81}{\376\377\000A\000p\000p\000l\000i\000c\000a\000t\000i\000o\000n}{section.74}% 31
\BOOKMARK [1][-]{section.85}{\376\377\000A\000n\000a\000l\000y\000s\000i\000s\000\040\000M\000e\000t\000h\000o\000d\000\040\000I\000I\000:\000\040\000F\000i\000t\000\040\000b\000a\000s\000e\000d\000\040\000a\000n\000a\000l\000y\000s\000i\000s}{chapter.68}% 32
\BOOKMARK [2][-]{subsection.86}{\376\377\000I\000n\000v\000a\000r\000i\000a\000n\000t\000\040\000m\000a\000s\000s\000\040\000r\000e\000c\000o\000n\000s\000t\000r\000u\000c\000t\000i\000o\000n}{section.85}% 33
\BOOKMARK [2][-]{subsection.88}{\376\377\000B\000a\000c\000k\000g\000r\000o\000u\000n\000d\000\040\000F\000i\000t\000t\000i\000n\000g}{section.85}% 34
\BOOKMARK [2][-]{subsection.91}{\376\377\000S\000i\000g\000n\000a\000l\000\040\000F\000i\000t\000t\000i\000n\000g}{section.85}% 35
\BOOKMARK [2][-]{subsection.92}{\376\377\000S\000i\000g\000n\000a\000l\000\040\000f\000r\000o\000m\000\040\000b\000a\000c\000k\000g\000r\000o\000u\000n\000d\000\040\000s\000e\000p\000a\000r\000a\000t\000i\000o\000n}{section.85}% 36
\BOOKMARK [1][-]{section.97}{\376\377\000R\000e\000s\000u\000l\000t\000s}{chapter.68}% 37
\BOOKMARK [0][-]{chapter.101}{\376\377\000S\000e\000a\000r\000c\000h\000\040\000f\000o\000r\000\040\000l\000i\000g\000h\000t\000\040\000Y\000\040\000X\000X}{}% 38
\BOOKMARK [1][-]{section.102}{\376\377\000T\000h\000e\000\040\000l\000i\000g\000h\000t\000\040\000Y\000X\000X\000\040\000c\000h\000a\000n\000n\000e\000l}{chapter.101}% 39
\BOOKMARK [1][-]{section.104}{\376\377\000E\000n\000e\000r\000g\000y\000\040\000s\000c\000a\000l\000e\000\040\000u\000n\000c\000e\000r\000t\000a\000i\000n\000t\000i\000e\000s}{chapter.101}% 40
\BOOKMARK [1][-]{section.106}{\376\377\000A\000n\000a\000l\000y\000s\000i\000s\000\040\000m\000e\000t\000h\000o\000d\000\040\000I\000:\000\040\000T\000r\000a\000i\000n\000i\000n\000g\000\040\000a\000\040\000B\000D\000T\000\040\000C\000l\000a\000s\000s\000i\000f\000i\000e\000r}{chapter.101}% 41
\BOOKMARK [2][-]{subsection.107}{\376\377\000T\000h\000e\000\040\000T\000r\000a\000i\000n\000/\000T\000e\000s\000t\000/\000A\000p\000p\000l\000i\000c\000a\000t\000i\000o\000n\000\040\000d\000a\000t\000a\000\040\000s\000e\000t\000s}{section.106}% 42
\BOOKMARK [2][-]{subsection.110}{\376\377\000T\000r\000a\000i\000n\000i\000n\000g}{section.106}% 43
\BOOKMARK [2][-]{subsection.112}{\376\377\000A\000p\000p\000l\000i\000c\000a\000t\000i\000o\000n}{section.106}% 44
\BOOKMARK [1][-]{section.116}{\376\377\000A\000n\000a\000l\000y\000s\000i\000s\000\040\000M\000e\000t\000h\000o\000d\000\040\000I\000I\000:\000\040\000F\000i\000t\000\040\000b\000a\000s\000e\000d\000\040\000a\000n\000a\000l\000y\000s\000i\000s}{chapter.101}% 45
\BOOKMARK [2][-]{subsection.117}{\376\377\000I\000n\000v\000a\000r\000i\000a\000n\000t\000\040\000m\000a\000s\000s\000\040\000r\000e\000c\000o\000n\000s\000t\000r\000u\000c\000t\000i\000o\000n}{section.116}% 46
\BOOKMARK [2][-]{subsection.119}{\376\377\000B\000a\000c\000k\000g\000r\000o\000u\000n\000d\000\040\000F\000i\000t\000t\000i\000n\000g}{section.116}% 47
\BOOKMARK [2][-]{subsection.122}{\376\377\000S\000i\000g\000n\000a\000l\000\040\000F\000i\000t\000t\000i\000n\000g}{section.116}% 48
\BOOKMARK [2][-]{subsection.123}{\376\377\000S\000i\000g\000n\000a\000l\000\040\000f\000r\000o\000m\000\040\000b\000a\000c\000k\000g\000r\000o\000u\000n\000d\000\040\000s\000e\000p\000a\000r\000a\000t\000i\000o\000n}{section.116}% 49
\BOOKMARK [1][-]{section.127}{\376\377\000R\000e\000s\000u\000l\000t\000s}{chapter.101}% 50
\BOOKMARK [0][-]{chapter.131}{\376\377\000C\000o\000n\000c\000l\000u\000s\000i\000o\000n}{}% 51
\BOOKMARK [0][-]{chapter*.132}{\376\377\000B\000i\000b\000l\000i\000o\000g\000r\000a\000p\000h\000y}{}% 52
