This is pdfTeX, Version 3.141592653-2.6-1.40.24 (TeX Live 2022/Arch Linux) (preloaded format=pdflatex 2022.11.11)  14 MAY 2023 19:10
entering extended mode
 \write18 enabled.
 %&-line parsing enabled.
**main.tex
(./main.tex
LaTeX2e <2021-11-15> patch level 1
L3 programming layer <2022-04-10> (./MastersDoctoralThesis.cls
Document Class: MastersDoctoralThesis 2017/08/27 v1.6 LaTeXTemplates.com
(/usr/share/texmf-dist/tex/latex/etoolbox/etoolbox.sty
Package: etoolbox 2020/10/05 v2.5k e-TeX tools for LaTeX (JAW)
\etb@tempcnta=\count185
)
(/usr/share/texmf-dist/tex/latex/l3packages/xparse/xparse.sty
(/usr/share/texmf-dist/tex/latex/l3kernel/expl3.sty
Package: expl3 2022-04-10 L3 programming layer (loader) 

(/usr/share/texmf-dist/tex/latex/l3backend/l3backend-pdftex.def
File: l3backend-pdftex.def 2022-04-14 L3 backend support: PDF output (pdfTeX)
\l__color_backend_stack_int=\count186
\l__pdf_internal_box=\box50
))
Package: xparse 2022-01-12 L3 Experimental document command parser
)
(/usr/share/texmf-dist/tex/latex/base/book.cls
Document Class: book 2021/10/04 v1.4n Standard LaTeX document class
(/usr/share/texmf-dist/tex/latex/base/bk11.clo
File: bk11.clo 2021/10/04 v1.4n Standard LaTeX file (size option)
)
\c@part=\count187
\c@chapter=\count188
\c@section=\count189
\c@subsection=\count190
\c@subsubsection=\count191
\c@paragraph=\count192
\c@subparagraph=\count193
\c@figure=\count194
\c@table=\count195
\abovecaptionskip=\skip47
\belowcaptionskip=\skip48
\bibindent=\dimen138
)
(/usr/share/texmf-dist/tex/generic/babel/babel.sty
Package: babel 2022/02/26 3.73 The Babel package
\babel@savecnt=\count196
\U@D=\dimen139
\l@unhyphenated=\language87

(/usr/share/texmf-dist/tex/generic/babel/txtbabel.def)
\bbl@readstream=\read2
\bbl@dirlevel=\count197

(/usr/share/texmf-dist/tex/generic/babel-english/english.ldf
Language: english 2017/06/06 v3.3r English support from the babel system
Package babel Info: Hyphen rules for 'canadian' set to \l@english
(babel)             (\language0). Reported on input line 102.
Package babel Info: Hyphen rules for 'australian' set to \l@ukenglish
(babel)             (\language21). Reported on input line 105.
Package babel Info: Hyphen rules for 'newzealand' set to \l@ukenglish
(babel)             (\language21). Reported on input line 108.
))
(/usr/share/texmf-dist/tex/latex/koma-script/scrbase.sty
Package: scrbase 2021/11/13 v3.35 KOMA-Script package (KOMA-Script-independent 
basics and keyval usage)

(/usr/share/texmf-dist/tex/latex/koma-script/scrlfile.sty
Package: scrlfile 2021/11/13 v3.35 KOMA-Script package (file load hooks)

(/usr/share/texmf-dist/tex/latex/koma-script/scrlfile-hook.sty
Package: scrlfile-hook 2021/11/13 v3.35 KOMA-Script package (using LaTeX hooks)


(/usr/share/texmf-dist/tex/latex/koma-script/scrlogo.sty
Package: scrlogo 2021/11/13 v3.35 KOMA-Script package (logo)
)))
(/usr/share/texmf-dist/tex/latex/graphics/keyval.sty
Package: keyval 2014/10/28 v1.15 key=value parser (DPC)
\KV@toks@=\toks16
)
Applying: [2021/05/01] Usage of raw or classic option list on input line 252.
Already applied: [0000/00/00] Usage of raw or classic option list on input line
 368.
)
(/usr/share/texmf-dist/tex/latex/koma-script/scrhack.sty
Package: scrhack 2021/11/13 v3.35 KOMA-Script package (hacking other packages)

(/usr/share/texmf-dist/tex/latex/koma-script/scrkbase.sty
Package: scrkbase 2021/11/13 v3.35 KOMA-Script package (KOMA-Script-dependent b
asics and keyval usage)
)
(/usr/share/texmf-dist/tex/latex/xpatch/xpatch.sty
Package: xpatch 2020/03/25 v0.3a Extending etoolbox patching commands
))
(/usr/share/texmf-dist/tex/latex/setspace/setspace.sty
Package: setspace 2011/12/19 v6.7a set line spacing
)
Package scrhack Info: loading setspace hack on input line 193.

(/usr/share/texmf-dist/tex/latex/koma-script/setspace.hak
File: setspace.hak 2021/11/13 v3.35 KOMA-Script scrhack part (hacking package s
etspace)
)
(/usr/share/texmf-dist/tex/latex/tools/longtable.sty
Package: longtable 2021-09-01 v4.17 Multi-page Table package (DPC)
\LTleft=\skip49
\LTright=\skip50
\LTpre=\skip51
\LTpost=\skip52
\LTchunksize=\count198
\LTcapwidth=\dimen140
\LT@head=\box51
\LT@firsthead=\box52
\LT@foot=\box53
\LT@lastfoot=\box54
\LT@gbox=\box55
\LT@cols=\count199
\LT@rows=\count266
\c@LT@tables=\count267
\c@LT@chunks=\count268
\LT@p@ftn=\toks17
)
(/usr/share/texmf-dist/tex/latex/siunitx/siunitx.sty
Package: siunitx 2022-04-04 v3.0.50 A comprehensive (SI) units package
\l__siunitx_angle_tmp_dim=\dimen141
\l__siunitx_angle_marker_box=\box56
\l__siunitx_angle_unit_box=\box57
\l__siunitx_compound_count_int=\count269

(/usr/share/texmf-dist/tex/latex/translations/translations.sty
Package: translations 2022/02/05 v1.12 internationalization of LaTeX2e packages
 (CN)

(/usr/share/texmf-dist/tex/generic/pdftexcmds/pdftexcmds.sty
Package: pdftexcmds 2020-06-27 v0.33 Utility functions of pdfTeX for LuaTeX (HO
)

(/usr/share/texmf-dist/tex/generic/infwarerr/infwarerr.sty
Package: infwarerr 2019/12/03 v1.5 Providing info/warning/error messages (HO)
)
(/usr/share/texmf-dist/tex/generic/iftex/iftex.sty
Package: iftex 2022/02/03 v1.0f TeX engine tests
)
(/usr/share/texmf-dist/tex/generic/ltxcmds/ltxcmds.sty
Package: ltxcmds 2020-05-10 v1.25 LaTeX kernel commands for general use (HO)
)
Package pdftexcmds Info: \pdf@primitive is available.
Package pdftexcmds Info: \pdf@ifprimitive is available.
Package pdftexcmds Info: \pdfdraftmode found.
))
\l__siunitx_number_exponent_fixed_int=\count270
\l__siunitx_number_min_decimal_int=\count271
\l__siunitx_number_min_integer_int=\count272
\l__siunitx_number_round_precision_int=\count273
\l__siunitx_number_group_minimum_int=\count274

(/usr/share/texmf-dist/tex/latex/amsmath/amstext.sty
Package: amstext 2021/08/26 v2.01 AMS text

(/usr/share/texmf-dist/tex/latex/amsmath/amsgen.sty
File: amsgen.sty 1999/11/30 v2.0 generic functions
\@emptytoks=\toks18
\ex@=\dimen142
))
\l__siunitx_table_tmp_box=\box58
\l__siunitx_table_tmp_dim=\dimen143
\l__siunitx_table_column_width_dim=\dimen144
\l__siunitx_table_integer_box=\box59
\l__siunitx_table_decimal_box=\box60
\l__siunitx_table_before_box=\box61
\l__siunitx_table_after_box=\box62
\l__siunitx_table_before_dim=\dimen145
\l__siunitx_table_carry_dim=\dimen146
\l__siunitx_unit_tmp_int=\count275
\l__siunitx_unit_position_int=\count276
\l__siunitx_unit_total_int=\count277

(/usr/share/texmf-dist/tex/latex/l3packages/l3keys2e/l3keys2e.sty
Package: l3keys2e 2022-01-12 LaTeX2e option processing using LaTeX3 keys
)
(/usr/share/texmf-dist/tex/latex/tools/array.sty
Package: array 2021/10/04 v2.5f Tabular extension package (FMi)
\col@sep=\dimen147
\ar@mcellbox=\box63
\extrarowheight=\dimen148
\NC@list=\toks19
\extratabsurround=\skip53
\backup@length=\skip54
\ar@cellbox=\box64
))
(/usr/share/texmf-dist/tex/latex/graphics/graphicx.sty
Package: graphicx 2021/09/16 v1.2d Enhanced LaTeX Graphics (DPC,SPQR)

(/usr/share/texmf-dist/tex/latex/graphics/graphics.sty
Package: graphics 2021/03/04 v1.4d Standard LaTeX Graphics (DPC,SPQR)

(/usr/share/texmf-dist/tex/latex/graphics/trig.sty
Package: trig 2021/08/11 v1.11 sin cos tan (DPC)
)
(/usr/share/texmf-dist/tex/latex/graphics-cfg/graphics.cfg
File: graphics.cfg 2016/06/04 v1.11 sample graphics configuration
)
Package graphics Info: Driver file: pdftex.def on input line 107.

(/usr/share/texmf-dist/tex/latex/graphics-def/pdftex.def
File: pdftex.def 2020/10/05 v1.2a Graphics/color driver for pdftex
))
\Gin@req@height=\dimen149
\Gin@req@width=\dimen150
)
(/usr/share/texmf-dist/tex/latex/booktabs/booktabs.sty
Package: booktabs 2020/01/12 v1.61803398 Publication quality tables
\heavyrulewidth=\dimen151
\lightrulewidth=\dimen152
\cmidrulewidth=\dimen153
\belowrulesep=\dimen154
\belowbottomsep=\dimen155
\aboverulesep=\dimen156
\abovetopsep=\dimen157
\cmidrulesep=\dimen158
\cmidrulekern=\dimen159
\defaultaddspace=\dimen160
\@cmidla=\count278
\@cmidlb=\count279
\@aboverulesep=\dimen161
\@belowrulesep=\dimen162
\@thisruleclass=\count280
\@lastruleclass=\count281
\@thisrulewidth=\dimen163
)
(/usr/share/texmf-dist/tex/latex/caption/caption.sty
Package: caption 2022/03/01 v3.6b Customizing captions (AR)

(/usr/share/texmf-dist/tex/latex/caption/caption3.sty
Package: caption3 2022/03/17 v2.3b caption3 kernel (AR)
\caption@tempdima=\dimen164
\captionmargin=\dimen165
\caption@leftmargin=\dimen166
\caption@rightmargin=\dimen167
\caption@width=\dimen168
\caption@indent=\dimen169
\caption@parindent=\dimen170
\caption@hangindent=\dimen171
Package caption Info: Standard document class detected.
)
\c@caption@flags=\count282
\c@continuedfloat=\count283
Package caption Info: longtable package is loaded.

(/usr/share/texmf-dist/tex/latex/caption/ltcaption.sty
Package: ltcaption 2021/01/08 v1.4c longtable captions (AR)
))
(/usr/share/texmf-dist/tex/latex/xcolor/xcolor.sty
Package: xcolor 2021/10/31 v2.13 LaTeX color extensions (UK)

(/usr/share/texmf-dist/tex/latex/graphics-cfg/color.cfg
File: color.cfg 2016/01/02 v1.6 sample color configuration
)
Package xcolor Info: Driver file: pdftex.def on input line 227.
Package xcolor Info: Model `cmy' substituted by `cmy0' on input line 1352.
Package xcolor Info: Model `hsb' substituted by `rgb' on input line 1356.
Package xcolor Info: Model `RGB' extended on input line 1368.
Package xcolor Info: Model `HTML' substituted by `rgb' on input line 1370.
Package xcolor Info: Model `Hsb' substituted by `hsb' on input line 1371.
Package xcolor Info: Model `tHsb' substituted by `hsb' on input line 1372.
Package xcolor Info: Model `HSB' substituted by `hsb' on input line 1373.
Package xcolor Info: Model `Gray' substituted by `gray' on input line 1374.
Package xcolor Info: Model `wave' substituted by `hsb' on input line 1375.
)
(/usr/share/texmf-dist/tex/latex/geometry/geometry.sty
Package: geometry 2020/01/02 v5.9 Page Geometry

(/usr/share/texmf-dist/tex/generic/iftex/ifvtex.sty
Package: ifvtex 2019/10/25 v1.7 ifvtex legacy package. Use iftex instead.
)
\Gm@cnth=\count284
\Gm@cntv=\count285
\c@Gm@tempcnt=\count286
\Gm@bindingoffset=\dimen172
\Gm@wd@mp=\dimen173
\Gm@odd@mp=\dimen174
\Gm@even@mp=\dimen175
\Gm@layoutwidth=\dimen176
\Gm@layoutheight=\dimen177
\Gm@layouthoffset=\dimen178
\Gm@layoutvoffset=\dimen179
\Gm@dimlist=\toks20
)
(/usr/share/texmf-dist/tex/latex/koma-script/scrlayer-scrpage.sty
Package: scrlayer-scrpage 2021/11/13 v3.35 KOMA-Script package (end user interf
ace for scrlayer)

(/usr/share/texmf-dist/tex/latex/koma-script/scrlayer.sty
Package: scrlayer 2021/11/13 v3.35 KOMA-Script package (defining layers and pag
e styles)
\footheight=\skip55
Package scrlayer Info: patching LaTeX kernel macro \pagestyle on input line 216
2.
)
Package scrbase Info: Unknown processing state.
(scrbase)             Processing option `markcase=used'
(scrbase)             of member `.scrlayer-scrpage.sty' of family
(scrbase)             `KOMA' doesn't set
(scrbase)             a valid state. This will be interpreted
(scrbase)             as \FamilyKeyStateProcessed on input line 636.
)
Package scrlayer-scrpage Info: auto-selection of `pagestyleset=standard'.

1: chapter
1: chapter
1: section
) (/usr/share/texmf-dist/tex/latex/base/inputenc.sty
Package: inputenc 2021/02/14 v1.3d Input encoding file
\inpenc@prehook=\toks21
\inpenc@posthook=\toks22
)
(/usr/share/texmf-dist/tex/latex/base/fontenc.sty
Package: fontenc 2021/04/29 v2.0v Standard LaTeX package
)
(/usr/share/texmf-dist/tex/latex/algorithms/algorithm.sty
Package: algorithm 2009/08/24 v0.1 Document Style `algorithm' - floating enviro
nment

(/usr/share/texmf-dist/tex/latex/float/float.sty
Package: float 2001/11/08 v1.3d Float enhancements (AL)
\c@float@type=\count287
\float@exts=\toks23
\float@box=\box65
\@float@everytoks=\toks24
\@floatcapt=\box66
)
Package scrhack Info: loading float hack on input line 32.

(/usr/share/texmf-dist/tex/latex/koma-script/float.hak
File: float.hak 2021/11/13 v3.35 KOMA-Script scrhack part (hacking package floa
t)

(/usr/share/texmf-dist/tex/latex/koma-script/tocbasic.sty
Package: tocbasic 2021/11/13 v3.35 KOMA-Script package (handling toc-files)
\scr@dte@tocline@numberwidth=\skip56
\scr@dte@tocline@numbox=\box67
)
Package scrhack Info: redefining \newfloat on input line 163.
Package scrhack Info: redefining \listof on input line 163.
Package scrhack Info: undefining \float@addtolists on input line 163.
)
(/usr/share/texmf-dist/tex/latex/base/ifthen.sty
Package: ifthen 2020/11/24 v1.1c Standard LaTeX ifthen package (DPC)
)
Package tocbasic Info: setting babel extension for `loa' on input line 95.
\@float@every@algorithm=\toks25
\c@algorithm=\count288
)
(/usr/share/texmf-dist/tex/latex/minted/minted.sty
Package: minted 2021/12/24 v2.6 Yet another Pygments shim for LaTeX

(/usr/share/texmf-dist/tex/latex/kvoptions/kvoptions.sty
Package: kvoptions 2020-10-07 v3.14 Key value format for package options (HO)

(/usr/share/texmf-dist/tex/generic/kvsetkeys/kvsetkeys.sty
Package: kvsetkeys 2019/12/15 v1.18 Key value parser (HO)
))
(/usr/share/texmf-dist/tex/latex/fvextra/fvextra.sty
Package: fvextra 2019/02/04 v1.4 fvextra - extensions and patches for fancyvrb

(/usr/share/texmf-dist/tex/latex/fancyvrb/fancyvrb.sty
Package: fancyvrb 2022/04/12 4.2 verbatim text (tvz,hv)
\FV@CodeLineNo=\count289
\FV@InFile=\read3
\FV@TabBox=\box68
\c@FancyVerbLine=\count290
\FV@StepNumber=\count291
\FV@OutFile=\write3
)
(/usr/share/texmf-dist/tex/latex/upquote/upquote.sty
Package: upquote 2012/04/19 v1.3 upright-quote and grave-accent glyphs in verba
tim

(/usr/share/texmf-dist/tex/latex/base/textcomp.sty
Package: textcomp 2020/02/02 v2.0n Standard LaTeX package
))
(/usr/share/texmf-dist/tex/latex/lineno/lineno.sty
Package: lineno 2005/11/02 line numbers on paragraphs v4.41
\linenopenalty=\count292
\output=\toks26
\linenoprevgraf=\count293
\linenumbersep=\dimen180
\linenumberwidth=\dimen181
\c@linenumber=\count294
\c@pagewiselinenumber=\count295
\c@LN@truepage=\count296
\c@internallinenumber=\count297
\c@internallinenumbers=\count298
\quotelinenumbersep=\dimen182
\bframerule=\dimen183
\bframesep=\dimen184
\bframebox=\box69
LaTeX Info: Redefining \\ on input line 3056.
)
\c@FV@TrueTabGroupLevel=\count299
\c@FV@TrueTabCounter=\count300
\FV@TabBox@Group=\box70
\FV@TmpLength=\skip57
\c@FV@HighlightLinesStart=\count301
\c@FV@HighlightLinesStop=\count302
\FV@LoopCount=\count303
\FV@NCharsBox=\box71
\FV@BreakIndent=\dimen185
\FV@BreakIndentNChars=\count304
\FV@BreakSymbolSepLeft=\dimen186
\FV@BreakSymbolSepLeftNChars=\count305
\FV@BreakSymbolSepRight=\dimen187
\FV@BreakSymbolSepRightNChars=\count306
\FV@BreakSymbolIndentLeft=\dimen188
\FV@BreakSymbolIndentLeftNChars=\count307
\FV@BreakSymbolIndentRight=\dimen189
\FV@BreakSymbolIndentRightNChars=\count308
\c@FancyVerbLineBreakLast=\count309
\FV@LineBox=\box72
\FV@LineIndentBox=\box73
\FV@LineWidth=\dimen190
)
(/usr/share/texmf-dist/tex/latex/tools/calc.sty
Package: calc 2017/05/25 v4.3 Infix arithmetic (KKT,FJ)
\calc@Acount=\count310
\calc@Bcount=\count311
\calc@Adimen=\dimen191
\calc@Bdimen=\dimen192
\calc@Askip=\skip58
\calc@Bskip=\skip59
LaTeX Info: Redefining \setlength on input line 80.
LaTeX Info: Redefining \addtolength on input line 81.
\calc@Ccount=\count312
\calc@Cskip=\skip60
)
(/usr/share/texmf-dist/tex/latex/tools/shellesc.sty
Package: shellesc 2019/11/08 v1.0c unified shell escape interface for LaTeX
Package shellesc Info: Unrestricted shell escape enabled on input line 75.
)
(/usr/share/texmf-dist/tex/latex/ifplatform/ifplatform.sty
Package: ifplatform 2017/10/13 v0.4a Testing for the operating system

(/usr/share/texmf-dist/tex/generic/catchfile/catchfile.sty
Package: catchfile 2019/12/09 v1.8 Catch the contents of a file (HO)

(/usr/share/texmf-dist/tex/generic/etexcmds/etexcmds.sty
Package: etexcmds 2019/12/15 v1.7 Avoid name clashes with e-TeX commands (HO)
))
(/usr/share/texmf-dist/tex/generic/iftex/ifluatex.sty
Package: ifluatex 2019/10/25 v1.5 ifluatex legacy package. Use iftex instead.
)
runsystem(uname -s > "main.w18")...executed.

 (./main.w18)
runsystem(rm -- "main.w18")...executed.

)
(/usr/share/texmf-dist/tex/generic/xstring/xstring.sty
(/usr/share/texmf-dist/tex/generic/xstring/xstring.tex
\integerpart=\count313
\decimalpart=\count314
)
Package: xstring 2021/07/21 v1.84 String manipulations (CT)
)
(/usr/share/texmf-dist/tex/latex/framed/framed.sty
Package: framed 2011/10/22 v 0.96: framed or shaded text with page breaks
\OuterFrameSep=\skip61
\fb@frw=\dimen193
\fb@frh=\dimen194
\FrameRule=\dimen195
\FrameSep=\dimen196
)
\minted@appexistsfile=\read4
\minted@bgbox=\box74
\minted@code=\write4
\c@minted@FancyVerbLineTemp=\count315
\c@minted@pygmentizecounter=\count316
Package tocbasic Info: setting babel extension for `lol' on input line 1190.
\@float@every@listing=\toks27
\c@listing=\count317
)
runsystem(mkdir -p _minted-main)...executed.


(/usr/share/texmf-dist/tex/latex/gentium-tug/gentium.sty
Package: gentium 2012/01/13 Style file for gentium.

(/usr/share/texmf-dist/tex/latex/xkeyval/xkeyval.sty
Package: xkeyval 2020/11/20 v2.8 package option processing (HA)

(/usr/share/texmf-dist/tex/generic/xkeyval/xkeyval.tex
(/usr/share/texmf-dist/tex/generic/xkeyval/xkvutils.tex
\XKV@toks=\toks28
\XKV@tempa@toks=\toks29
)
\XKV@depth=\count318
File: xkeyval.tex 2014/12/03 v2.7a key=value parser (HA)
)))
(/usr/share/texmf-dist/tex/latex/pdfpages/pdfpages.sty
Package: pdfpages 2022/01/29 v0.5u Insert pages of external PDF documents (AM)

(/usr/share/texmf-dist/tex/latex/eso-pic/eso-pic.sty
Package: eso-pic 2020/10/14 v3.0a eso-pic (RN)
\ESO@tempdima=\dimen197
\ESO@tempdimb=\dimen198
)
\AM@pagewidth=\dimen199
\AM@pageheight=\dimen256
\AM@fboxrule=\dimen257

(/usr/share/texmf-dist/tex/latex/pdfpages/pppdftex.def
File: pppdftex.def 2022/01/29 v0.5u Pdfpages driver for pdfTeX (AM)
)
\pdfpages@includegraphics@status=\count319
\AM@pagebox=\box75
\AM@global@opts=\toks30
\AM@pagecnt=\count320
\AM@toc@title=\toks31
\c@AM@survey=\count321
\AM@templatesizebox=\box76
)
(/usr/share/texmf-dist/tex/latex/caption/subcaption.sty
Package: subcaption 2022/01/07 v1.5 Sub-captions (AR)
\c@subfigure=\count322
\c@subtable=\count323
)
(/usr/share/texmf-dist/tex/latex/grffile/grffile.sty
Package: grffile 2019/11/11 v2.1 Extended file name support for graphics (legac
y)
Package grffile Info: This package is an empty stub for compatibility on input 
line 40.
)
(/usr/share/texmf-dist/tex/latex/wrapfig/wrapfig.sty
\wrapoverhang=\dimen258
\WF@size=\dimen259
\c@WF@wrappedlines=\count324
\WF@box=\box77
\WF@everypar=\toks32
Package: wrapfig 2003/01/31  v 3.6
)
(/usr/share/texmf-dist/tex/latex/graphics/rotating.sty
Package: rotating 2016/08/11 v2.16d rotated objects in LaTeX
\c@r@tfl@t=\count325
\rotFPtop=\skip62
\rotFPbot=\skip63
\rot@float@box=\box78
\rot@mess@toks=\toks33
)
(/usr/share/texmf-dist/tex/generic/ulem/ulem.sty
\UL@box=\box79
\UL@hyphenbox=\box80
\UL@skip=\skip64
\UL@hook=\toks34
\UL@height=\dimen260
\UL@pe=\count326
\UL@pixel=\dimen261
\ULC@box=\box81
Package: ulem 2019/11/18
\ULdepth=\dimen262
)
(/usr/share/texmf-dist/tex/latex/amsmath/amsmath.sty
Package: amsmath 2021/10/15 v2.17l AMS math features
\@mathmargin=\skip65

For additional information on amsmath, use the `?' option.
(/usr/share/texmf-dist/tex/latex/amsmath/amsbsy.sty
Package: amsbsy 1999/11/29 v1.2d Bold Symbols
\pmbraise@=\dimen263
)
(/usr/share/texmf-dist/tex/latex/amsmath/amsopn.sty
Package: amsopn 2021/08/26 v2.02 operator names
)
\inf@bad=\count327
LaTeX Info: Redefining \frac on input line 234.
\uproot@=\count328
\leftroot@=\count329
LaTeX Info: Redefining \overline on input line 399.
\classnum@=\count330
\DOTSCASE@=\count331
LaTeX Info: Redefining \ldots on input line 496.
LaTeX Info: Redefining \dots on input line 499.
LaTeX Info: Redefining \cdots on input line 620.
\Mathstrutbox@=\box82
\strutbox@=\box83
\big@size=\dimen264
LaTeX Font Info:    Redeclaring font encoding OML on input line 743.
LaTeX Font Info:    Redeclaring font encoding OMS on input line 744.
\macc@depth=\count332
\c@MaxMatrixCols=\count333
\dotsspace@=\muskip16
\c@parentequation=\count334
\dspbrk@lvl=\count335
\tag@help=\toks35
\row@=\count336
\column@=\count337
\maxfields@=\count338
\andhelp@=\toks36
\eqnshift@=\dimen265
\alignsep@=\dimen266
\tagshift@=\dimen267
\tagwidth@=\dimen268
\totwidth@=\dimen269
\lineht@=\dimen270
\@envbody=\toks37
\multlinegap=\skip66
\multlinetaggap=\skip67
\mathdisplay@stack=\toks38
LaTeX Info: Redefining \[ on input line 2938.
LaTeX Info: Redefining \] on input line 2939.
)
(/usr/share/texmf-dist/tex/latex/tools/tabularx.sty
Package: tabularx 2020/01/15 v2.11c `tabularx' package (DPC)
\TX@col@width=\dimen271
\TX@old@table=\dimen272
\TX@old@col=\dimen273
\TX@target=\dimen274
\TX@delta=\dimen275
\TX@cols=\count339
\TX@ftn=\toks39
)
(/usr/share/texmf-dist/tex/latex/amsfonts/amssymb.sty
Package: amssymb 2013/01/14 v3.01 AMS font symbols

(/usr/share/texmf-dist/tex/latex/amsfonts/amsfonts.sty
Package: amsfonts 2013/01/14 v3.01 Basic AMSFonts support
\symAMSa=\mathgroup4
\symAMSb=\mathgroup5
LaTeX Font Info:    Redeclaring math symbol \hbar on input line 98.
LaTeX Font Info:    Overwriting math alphabet `\mathfrak' in version `bold'
(Font)                  U/euf/m/n --> U/euf/b/n on input line 106.
))
(/usr/share/texmf-dist/tex/latex/capt-of/capt-of.sty
Package: capt-of 2009/12/29 v0.2 standard captions outside of floats
)
(/usr/share/texmf-dist/tex/latex/hyperref/hyperref.sty
Package: hyperref 2022-02-21 v7.00n Hypertext links for LaTeX

(/usr/share/texmf-dist/tex/generic/kvdefinekeys/kvdefinekeys.sty
Package: kvdefinekeys 2019-12-19 v1.6 Define keys (HO)
)
(/usr/share/texmf-dist/tex/generic/pdfescape/pdfescape.sty
Package: pdfescape 2019/12/09 v1.15 Implements pdfTeX's escape features (HO)
)
(/usr/share/texmf-dist/tex/latex/hycolor/hycolor.sty
Package: hycolor 2020-01-27 v1.10 Color options for hyperref/bookmark (HO)
)
(/usr/share/texmf-dist/tex/latex/letltxmacro/letltxmacro.sty
Package: letltxmacro 2019/12/03 v1.6 Let assignment for LaTeX macros (HO)
)
(/usr/share/texmf-dist/tex/latex/auxhook/auxhook.sty
Package: auxhook 2019-12-17 v1.6 Hooks for auxiliary files (HO)
)
\@linkdim=\dimen276
\Hy@linkcounter=\count340
\Hy@pagecounter=\count341

(/usr/share/texmf-dist/tex/latex/hyperref/pd1enc.def
File: pd1enc.def 2022-02-21 v7.00n Hyperref: PDFDocEncoding definition (HO)
Now handling font encoding PD1 ...
... no UTF-8 mapping file for font encoding PD1
)
(/usr/share/texmf-dist/tex/generic/intcalc/intcalc.sty
Package: intcalc 2019/12/15 v1.3 Expandable calculations with integers (HO)
)
\Hy@SavedSpaceFactor=\count342

(/usr/share/texmf-dist/tex/latex/hyperref/puenc.def
File: puenc.def 2022-02-21 v7.00n Hyperref: PDF Unicode definition (HO)
Now handling font encoding PU ...
... no UTF-8 mapping file for font encoding PU
)
Package hyperref Info: Hyper figures OFF on input line 4137.
Package hyperref Info: Link nesting OFF on input line 4142.
Package hyperref Info: Hyper index ON on input line 4145.
Package hyperref Info: Plain pages OFF on input line 4152.
Package hyperref Info: Backreferencing OFF on input line 4157.
Package hyperref Info: Implicit mode ON; LaTeX internals redefined.
Package hyperref Info: Bookmarks ON on input line 4390.
\c@Hy@tempcnt=\count343

(/usr/share/texmf-dist/tex/latex/url/url.sty
\Urlmuskip=\muskip17
Package: url 2013/09/16  ver 3.4  Verb mode for urls, etc.
)
LaTeX Info: Redefining \url on input line 4749.
\XeTeXLinkMargin=\dimen277

(/usr/share/texmf-dist/tex/generic/bitset/bitset.sty
Package: bitset 2019/12/09 v1.3 Handle bit-vector datatype (HO)

(/usr/share/texmf-dist/tex/generic/bigintcalc/bigintcalc.sty
Package: bigintcalc 2019/12/15 v1.5 Expandable calculations on big integers (HO
)
))
\Fld@menulength=\count344
\Field@Width=\dimen278
\Fld@charsize=\dimen279
Package hyperref Info: Hyper figures OFF on input line 6027.
Package hyperref Info: Link nesting OFF on input line 6032.
Package hyperref Info: Hyper index ON on input line 6035.
Package hyperref Info: backreferencing OFF on input line 6042.
Package hyperref Info: Link coloring OFF on input line 6047.
Package hyperref Info: Link coloring with OCG OFF on input line 6052.
Package hyperref Info: PDF/A mode OFF on input line 6057.
LaTeX Info: Redefining \ref on input line 6097.
LaTeX Info: Redefining \pageref on input line 6101.

(/usr/share/texmf-dist/tex/latex/base/atbegshi-ltx.sty
Package: atbegshi-ltx 2021/01/10 v1.0c Emulation of the original atbegshi
package with kernel methods
)
\Hy@abspage=\count345
\c@Item=\count346
\c@Hfootnote=\count347
)
Package scrhack Info: hyperref hack deactivated because of
(scrhack)             detection of hyperref version, that doesn't
(scrhack)             need that hack, on input line 41.
Package hyperref Info: Driver (autodetected): hpdftex.

(/usr/share/texmf-dist/tex/latex/hyperref/hpdftex.def
File: hpdftex.def 2022-02-21 v7.00n Hyperref driver for pdfTeX

(/usr/share/texmf-dist/tex/latex/base/atveryend-ltx.sty
Package: atveryend-ltx 2020/08/19 v1.0a Emulation of the original atveryend pac
kage
with kernel methods
)
\Fld@listcount=\count348
\c@bookmark@seq@number=\count349

(/usr/share/texmf-dist/tex/latex/rerunfilecheck/rerunfilecheck.sty
Package: rerunfilecheck 2019/12/05 v1.9 Rerun checks for auxiliary files (HO)

(/usr/share/texmf-dist/tex/generic/uniquecounter/uniquecounter.sty
Package: uniquecounter 2019/12/15 v1.4 Provide unlimited unique counter (HO)
)
Package uniquecounter Info: New unique counter `rerunfilecheck' on input line 2
86.
)
\Hy@SectionHShift=\skip68
)
(/usr/share/texmf-dist/tex/latex/biblatex/biblatex.sty
Package: biblatex 2022/02/02 v3.17 programmable bibliographies (PK/MW)

(/usr/share/texmf-dist/tex/latex/logreq/logreq.sty
Package: logreq 2010/08/04 v1.0 xml request logger
\lrq@indent=\count350

(/usr/share/texmf-dist/tex/latex/logreq/logreq.def
File: logreq.def 2010/08/04 v1.0 logreq spec v1.0
))
\c@tabx@nest=\count351
\c@listtotal=\count352
\c@listcount=\count353
\c@liststart=\count354
\c@liststop=\count355
\c@citecount=\count356
\c@citetotal=\count357
\c@multicitecount=\count358
\c@multicitetotal=\count359
\c@instcount=\count360
\c@maxnames=\count361
\c@minnames=\count362
\c@maxitems=\count363
\c@minitems=\count364
\c@citecounter=\count365
\c@maxcitecounter=\count366
\c@savedcitecounter=\count367
\c@uniquelist=\count368
\c@uniquename=\count369
\c@refsection=\count370
\c@refsegment=\count371
\c@maxextratitle=\count372
\c@maxextratitleyear=\count373
\c@maxextraname=\count374
\c@maxextradate=\count375
\c@maxextraalpha=\count376
\c@abbrvpenalty=\count377
\c@highnamepenalty=\count378
\c@lownamepenalty=\count379
\c@maxparens=\count380
\c@parenlevel=\count381
\blx@tempcnta=\count382
\blx@tempcntb=\count383
\blx@tempcntc=\count384
\c@blx@maxsection=\count385
\c@blx@maxsegment@0=\count386
\blx@notetype=\count387
\blx@parenlevel@text=\count388
\blx@parenlevel@foot=\count389
\c@blx@sectionciteorder@0=\count390
\blx@entrysetcounter=\count391
\blx@biblioinstance=\count392
\labelnumberwidth=\skip69
\labelalphawidth=\skip70
\biblabelsep=\skip71
\bibitemsep=\skip72
\bibnamesep=\skip73
\bibinitsep=\skip74
\bibparsep=\skip75
\bibhang=\skip76
\blx@bcfin=\read5
\blx@bcfout=\write5
\blx@langwohyphens=\language88
\c@mincomprange=\count393
\c@maxcomprange=\count394
\c@mincompwidth=\count395
Package biblatex Info: Trying to load biblatex default data model...
Package biblatex Info: ... file 'blx-dm.def' found.

(/usr/share/texmf-dist/tex/latex/biblatex/blx-dm.def
File: blx-dm.def 2022/02/02 v3.17 biblatex localization (PK/MW)
)
Package biblatex Info: Trying to load biblatex custom data model...
Package biblatex Info: ... file 'biblatex-dm.cfg' not found.
\c@afterword=\count396
\c@savedafterword=\count397
\c@annotator=\count398
\c@savedannotator=\count399
\c@author=\count400
\c@savedauthor=\count401
\c@bookauthor=\count402
\c@savedbookauthor=\count403
\c@commentator=\count404
\c@savedcommentator=\count405
\c@editor=\count406
\c@savededitor=\count407
\c@editora=\count408
\c@savededitora=\count409
\c@editorb=\count410
\c@savededitorb=\count411
\c@editorc=\count412
\c@savededitorc=\count413
\c@foreword=\count414
\c@savedforeword=\count415
\c@holder=\count416
\c@savedholder=\count417
\c@introduction=\count418
\c@savedintroduction=\count419
\c@namea=\count420
\c@savednamea=\count421
\c@nameb=\count422
\c@savednameb=\count423
\c@namec=\count424
\c@savednamec=\count425
\c@translator=\count426
\c@savedtranslator=\count427
\c@shortauthor=\count428
\c@savedshortauthor=\count429
\c@shorteditor=\count430
\c@savedshorteditor=\count431
\c@labelname=\count432
\c@savedlabelname=\count433
\c@institution=\count434
\c@savedinstitution=\count435
\c@lista=\count436
\c@savedlista=\count437
\c@listb=\count438
\c@savedlistb=\count439
\c@listc=\count440
\c@savedlistc=\count441
\c@listd=\count442
\c@savedlistd=\count443
\c@liste=\count444
\c@savedliste=\count445
\c@listf=\count446
\c@savedlistf=\count447
\c@location=\count448
\c@savedlocation=\count449
\c@organization=\count450
\c@savedorganization=\count451
\c@origlocation=\count452
\c@savedoriglocation=\count453
\c@origpublisher=\count454
\c@savedorigpublisher=\count455
\c@publisher=\count456
\c@savedpublisher=\count457
\c@language=\count458
\c@savedlanguage=\count459
\c@origlanguage=\count460
\c@savedoriglanguage=\count461
\c@pageref=\count462
\c@savedpageref=\count463
\shorthandwidth=\skip77
\shortjournalwidth=\skip78
\shortserieswidth=\skip79
\shorttitlewidth=\skip80
\shortauthorwidth=\skip81
\shorteditorwidth=\skip82
\locallabelnumberwidth=\skip83
\locallabelalphawidth=\skip84
\localshorthandwidth=\skip85
\localshortjournalwidth=\skip86
\localshortserieswidth=\skip87
\localshorttitlewidth=\skip88
\localshortauthorwidth=\skip89
\localshorteditorwidth=\skip90
Package biblatex Info: Trying to load compatibility code...
Package biblatex Info: ... file 'blx-compat.def' found.

(/usr/share/texmf-dist/tex/latex/biblatex/blx-compat.def
File: blx-compat.def 2022/02/02 v3.17 biblatex compatibility (PK/MW)
)
Package biblatex Info: Trying to load generic definitions...
Package biblatex Info: ... file 'biblatex.def' found.

(/usr/share/texmf-dist/tex/latex/biblatex/biblatex.def
File: biblatex.def 2022/02/02 v3.17 biblatex compatibility (PK/MW)
\c@textcitecount=\count464
\c@textcitetotal=\count465
\c@textcitemaxnames=\count466
\c@biburlbigbreakpenalty=\count467
\c@biburlbreakpenalty=\count468
\c@biburlnumpenalty=\count469
\c@biburlucpenalty=\count470
\c@biburllcpenalty=\count471
\biburlbigskip=\muskip18
\biburlnumskip=\muskip19
\biburlucskip=\muskip20
\biburllcskip=\muskip21
\c@smartand=\count472
)
Package biblatex Info: Trying to load bibliography style 'numeric'...
Package biblatex Info: ... file 'numeric.bbx' found.

(/usr/share/texmf-dist/tex/latex/biblatex/bbx/numeric.bbx
File: numeric.bbx 2022/02/02 v3.17 biblatex bibliography style (PK/MW)
Package biblatex Info: Trying to load bibliography style 'standard'...
Package biblatex Info: ... file 'standard.bbx' found.

(/usr/share/texmf-dist/tex/latex/biblatex/bbx/standard.bbx
File: standard.bbx 2022/02/02 v3.17 biblatex bibliography style (PK/MW)
\c@bbx:relatedcount=\count473
\c@bbx:relatedtotal=\count474
))
Package biblatex Info: Trying to load citation style 'numeric'...
Package biblatex Info: ... file 'numeric.cbx' found.

(/usr/share/texmf-dist/tex/latex/biblatex/cbx/numeric.cbx
File: numeric.cbx 2022/02/02 v3.17 biblatex citation style (PK/MW)
Package biblatex Info: Redefining '\cite'.
Package biblatex Info: Redefining '\parencite'.
Package biblatex Info: Redefining '\footcite'.
Package biblatex Info: Redefining '\footcitetext'.
Package biblatex Info: Redefining '\smartcite'.
Package biblatex Info: Redefining '\supercite'.
Package biblatex Info: Redefining '\textcite'.
Package biblatex Info: Redefining '\textcites'.
Package biblatex Info: Redefining '\cites'.
Package biblatex Info: Redefining '\parencites'.
Package biblatex Info: Redefining '\smartcites'.
)
Package biblatex Info: Trying to load configuration file...
Package biblatex Info: ... file 'biblatex.cfg' found.

(/usr/share/texmf-dist/tex/latex/biblatex/biblatex.cfg
File: biblatex.cfg 
)
Package biblatex Info: Input encoding 'utf8' detected.
Package biblatex Info: Document encoding is UTF8 ....
Package biblatex Info: ... and expl3
(biblatex)             2022-04-10 L3 programming layer (loader) 
(biblatex)             is new enough (at least 2020/04/06),
(biblatex)             setting 'casechanger=expl3'.

(/usr/share/texmf-dist/tex/latex/biblatex/blx-case-expl3.sty
Package: blx-case-expl3 2022/02/02 v3.17 expl3 case changing code for biblatex
))
(/usr/share/texmf-dist/tex/latex/csquotes/csquotes.sty
Package: csquotes 2021-02-22 v5.2l context-sensitive quotations (JAW)
\csq@reset=\count475
\csq@gtype=\count476
\csq@glevel=\count477
\csq@qlevel=\count478
\csq@maxlvl=\count479
\csq@tshold=\count480
\csq@ltx@everypar=\toks40

(/usr/share/texmf-dist/tex/latex/csquotes/csquotes.def
File: csquotes.def 2021-02-22 v5.2l csquotes generic definitions (JAW)
)
Package csquotes Info: Trying to load configuration file 'csquotes.cfg'...
Package csquotes Info: ... configuration file loaded successfully.

(/usr/share/texmf-dist/tex/latex/csquotes/csquotes.cfg
File: csquotes.cfg 
)
Package csquotes Info: Enabling multilingual quotes.
)
Package hyperref Info: Option `bookmarksopen' set `true' on input line 88.
Package hyperref Info: Option `hypertexnames' set `false' on input line 88.
Package hyperref Info: Option `colorlinks' set `true' on input line 88.
Package hyperref Info: Option `unicode' set `true' on input line 88.
Package hyperref Info: Option `breaklinks' set `true' on input line 88.
runsystem(which pygmentize && touch main.aex)...executed.

runsystem(rm main.aex)...executed.

Package csquotes Info: Checking for multilingual support...
Package csquotes Info: ... found 'babel' package.
LaTeX Font Info:    Trying to load font information for T1+gentium on input lin
e 88.

(/usr/share/texmf-dist/tex/latex/gentium-tug/t1gentium.fd
File: t1gentium.fd 2011/01/13 Font definitions for gentium.
)
LaTeX Font Info:    Font shape `T1/gentium/m/n' will be
(Font)              scaled to size 10.95pt on input line 88.
 (./main.aux
(./Theoretical_Overview.aux) (./detectors.aux) (./boosted_trees.aux)
(./Analysis.aux) (./Conclusions.aux))
\openout1 = `main.aux'.

LaTeX Font Info:    Checking defaults for OML/cmm/m/it on input line 88.
LaTeX Font Info:    ... okay on input line 88.
LaTeX Font Info:    Checking defaults for OMS/cmsy/m/n on input line 88.
LaTeX Font Info:    ... okay on input line 88.
LaTeX Font Info:    Checking defaults for OT1/cmr/m/n on input line 88.
LaTeX Font Info:    ... okay on input line 88.
LaTeX Font Info:    Checking defaults for T1/cmr/m/n on input line 88.
LaTeX Font Info:    ... okay on input line 88.
LaTeX Font Info:    Checking defaults for TS1/cmr/m/n on input line 88.
LaTeX Font Info:    ... okay on input line 88.
LaTeX Font Info:    Checking defaults for OMX/cmex/m/n on input line 88.
LaTeX Font Info:    ... okay on input line 88.
LaTeX Font Info:    Checking defaults for U/cmr/m/n on input line 88.
LaTeX Font Info:    ... okay on input line 88.
LaTeX Font Info:    Checking defaults for PD1/pdf/m/n on input line 88.
LaTeX Font Info:    ... okay on input line 88.
LaTeX Font Info:    Checking defaults for PU/pdf/m/n on input line 88.
LaTeX Font Info:    ... okay on input line 88.

(/usr/share/texmf-dist/tex/latex/translations/translations-basic-dictionary-eng
lish.trsl
File: translations-basic-dictionary-english.trsl (english translation file `tra
nslations-basic-dictionary')
)
Package translations Info: loading dictionary `translations-basic-dictionary' f
or `english'. on input line 88.
 (/usr/share/texmf-dist/tex/context/base/mkii/supp-pdf.mkii
[Loading MPS to PDF converter (version 2006.09.02).]
\scratchcounter=\count481
\scratchdimen=\dimen280
\scratchbox=\box84
\nofMPsegments=\count482
\nofMParguments=\count483
\everyMPshowfont=\toks41
\MPscratchCnt=\count484
\MPscratchDim=\dimen281
\MPnumerator=\count485
\makeMPintoPDFobject=\count486
\everyMPtoPDFconversion=\toks42
) (/usr/share/texmf-dist/tex/latex/epstopdf-pkg/epstopdf-base.sty
Package: epstopdf-base 2020-01-24 v2.11 Base part for package epstopdf

(/usr/share/texmf-dist/tex/latex/grfext/grfext.sty
Package: grfext 2019/12/03 v1.3 Manage graphics extensions (HO)
)
Package epstopdf-base Info: Redefining graphics rule for `.eps' on input line 4
85.
Package grfext Info: Graphics extension search list:
(grfext)             [.pdf,.png,.jpg,.mps,.jpeg,.jbig2,.jb2,.PDF,.PNG,.JPG,.JPE
G,.JBIG2,.JB2,.eps]
(grfext)             \AppendGraphicsExtensions on input line 504.

(/usr/share/texmf-dist/tex/latex/latexconfig/epstopdf-sys.cfg
File: epstopdf-sys.cfg 2010/07/13 v1.3 Configuration of (r)epstopdf for TeX Liv
e
))
Package caption Info: Begin \AtBeginDocument code.
Package caption Info: float package is loaded.
Package caption Info: hyperref package is loaded.
Package caption Info: rotating package is loaded.
Package caption Info: wrapfig package is loaded.
Package caption Info: End \AtBeginDocument code.

*geometry* driver: auto-detecting
*geometry* detected driver: pdftex
*geometry* verbose mode - [ preamble ] result:
* driver: pdftex
* paper: a4paper
* layout: <same size as paper>
* layoutoffset:(h,v)=(0.0pt,0.0pt)
* bindingoffset: 14.22636pt
* modes: includehead includefoot twoside 
* h-part:(L,W,R)=(71.13188pt, 404.02908pt, 108.12054pt)
* v-part:(T,H,B)=(42.67912pt, 759.6886pt, 42.67912pt)
* \paperwidth=597.50787pt
* \paperheight=845.04684pt
* \textwidth=404.02908pt
* \textheight=693.49821pt
* \oddsidemargin=13.08826pt
* \evensidemargin=35.85056pt
* \topmargin=-29.59087pt
* \headheight=18.85364pt
* \headsep=19.8738pt
* \topskip=11.0pt
* \footskip=27.46295pt
* \marginparwidth=116.0pt
* \marginparsep=7.0pt
* \columnsep=10.0pt
* \skip\footins=10.0pt plus 4.0pt minus 2.0pt
* \hoffset=0.0pt
* \voffset=0.0pt
* \mag=1000
* \@twocolumnfalse
* \@twosidetrue
* \@mparswitchtrue
* \@reversemarginfalse
* (1in=72.27pt=25.4mm, 1cm=28.453pt)

Package scrlayer Info: Setting magic \footheight to \baselineskip while
(scrlayer)             \begin{document} on input line 88.
Package scrbase Info: activating english \abbrevname on input line 88.
Package scrbase Info: activating english \byname on input line 88.
Package scrbase Info: activating english \acknowledgementname on input line 88.

Package scrbase Info: activating english \authorshipname on input line 88.
Package scrbase Info: activating english \constantsname on input line 88.
Package scrbase Info: activating english \symbolsname on input line 88.
(/usr/share/texmf-dist/tex/latex/pdflscape/pdflscape.sty
Package: pdflscape 2019/12/05 v0.12 Display of landscape pages in PDF (HO)

(/usr/share/texmf-dist/tex/latex/graphics/lscape.sty
Package: lscape 2020/05/28 v3.02 Landscape Pages (DPC)
)
Package scrhack Info: loading lscape hack on input line 77.

(/usr/share/texmf-dist/tex/latex/koma-script/lscape.hak
File: lscape.hak 2021/11/13 v3.35 KOMA-Script scrhack part (hacking package lsc
ape)
Package scrhack Info: \landscape patched to make \textheight change optional on
 input line 90.
\scrh@LT@textheight=\skip91
)
Package pdflscape Info: Auto-detected driver: pdftex on input line 81.
)
Package hyperref Info: Link coloring ON on input line 88.

(/usr/share/texmf-dist/tex/latex/hyperref/nameref.sty
Package: nameref 2021-04-02 v2.47 Cross-referencing by name of section

(/usr/share/texmf-dist/tex/latex/refcount/refcount.sty
Package: refcount 2019/12/15 v3.6 Data extraction from label references (HO)
)
(/usr/share/texmf-dist/tex/generic/gettitlestring/gettitlestring.sty
Package: gettitlestring 2019/12/15 v1.6 Cleanup title references (HO)
)
\c@section@level=\count487
)
LaTeX Info: Redefining \ref on input line 88.
LaTeX Info: Redefining \pageref on input line 88.
LaTeX Info: Redefining \nameref on input line 88.

(./main.out) (./main.out)
\@outlinefile=\write6
\openout6 = `main.out'.

Package biblatex Info: Trying to load language 'english'...
Package biblatex Info: ... file 'english.lbx' found.

(/usr/share/texmf-dist/tex/latex/biblatex/lbx/english.lbx
File: english.lbx 2022/02/02 v3.17 biblatex localization (PK/MW)
)
Package biblatex Info: Input encoding 'utf8' detected.
Package biblatex Info: Automatic encoding selection.
(biblatex)             Assuming data encoding 'utf8'.
\openout5 = `main.bcf'.

Package biblatex Info: Trying to load bibliographic data...
Package biblatex Info: ... file 'main.bbl' found.
 (./main.bbl)
Package biblatex Info: Reference section=0 on input line 88.
Package biblatex Info: Reference segment=0 on input line 88.

1: section
LaTeX Font Info:    Font shape `T1/gentium/m/sc' will be
(Font)              scaled to size 10.95pt on input line 102.
LaTeX Font Info:    Font shape `T1/gentium/m/sc' will be
(Font)              scaled to size 17.28pt on input line 102.
LaTeX Font Info:    Font shape `T1/gentium/m/sc' will be
(Font)              scaled to size 14.4pt on input line 103.
LaTeX Font Info:    Font shape `T1/gentium/m/n' will be
(Font)              scaled to size 20.74pt on input line 106.
LaTeX Font Info:    Font shape `T1/gentium/b/n' will be
(Font)              scaled to size 20.74pt on input line 106.
LaTeX Font Info:    Font shape `T1/gentium/m/n' will be
(Font)              scaled to size 12.0pt on input line 110.
LaTeX Font Info:    Font shape `T1/gentium/m/it' will be
(Font)              scaled to size 12.0pt on input line 111.
[1



{/var/lib/texmf/fonts/map/pdftex/updmap/pdftex.map}] [2

]
--------------------
 Abstract
--------------------
LaTeX Font Info:    Font shape `T1/gentium/m/it' will be
(Font)              scaled to size 20.74pt on input line 142.
LaTeX Font Info:    Font shape `T1/gentium/b/n' will be
(Font)              scaled to size 10.95pt on input line 142.
1: section
LaTeX Font Info:    Font shape `T1/gentium/m/sl' in size <10.95> not available
(Font)              Font shape `T1/gentium/m/it' tried instead on input line 15
1.
LaTeX Font Info:    Font shape `T1/gentium/m/it' will be
(Font)              scaled to size 10.95pt on input line 151.
LaTeX Font Info:    Trying to load font information for U+msa on input line 151
.
(/usr/share/texmf-dist/tex/latex/amsfonts/umsa.fd
File: umsa.fd 2013/01/14 v3.01 AMS symbols A
)
LaTeX Font Info:    Trying to load font information for U+msb on input line 151
.

(/usr/share/texmf-dist/tex/latex/amsfonts/umsb.fd
File: umsb.fd 2013/01/14 v3.01 AMS symbols B
) [3] [4

]
LaTeX Font Info:    Font shape `T1/gentium/m/n' will be
(Font)              scaled to size 24.88pt on input line 151.
LaTeX Font Info:    Font shape `T1/gentium/b/n' will be
(Font)              scaled to size 24.88pt on input line 151.
 (./main.toc
1: section
[5])
\tf@toc=\write7
\openout7 = `main.toc'.

 [6]
1: section
\openout2 = `Theoretical_Overview.aux'.

(./Theoretical_Overview.tex
Chapter 1.
LaTeX Font Info:    Font shape `T1/gentium/m/n' will be
(Font)              scaled to size 17.28pt on input line 2.
LaTeX Font Info:    Font shape `T1/gentium/b/n' will be
(Font)              scaled to size 17.28pt on input line 2.
LaTeX Font Info:    Font shape `T1/gentium/m/n' will be
(Font)              scaled to size 14.4pt on input line 4.
LaTeX Font Info:    Font shape `T1/gentium/b/n' will be
(Font)              scaled to size 14.4pt on input line 4.
LaTeX Font Info:    Font shape `T1/gentium/m/n' will be
(Font)              scaled to size 10.0pt on input line 28.
LaTeX Font Info:    Font shape `T1/gentium/m/sc' will be
(Font)              scaled to size 10.0pt on input line 28.
LaTeX Font Info:    Font shape `T1/gentium/b/n' will be
(Font)              scaled to size 12.0pt on input line 35.
LaTeX Font Info:    Font shape `T1/gentium/m/n' will be
(Font)              scaled to size 8.0pt on input line 49.
LaTeX Font Info:    Font shape `T1/gentium/m/n' will be
(Font)              scaled to size 6.0pt on input line 49.
1: section
[1



] [2]
</home/kpapad/UG_thesis/Thesis/Dissertation/src/figures/627px-Standard_Model_of
_Elementary_Particles.svg.png, id=332, 629.35126pt x 602.25pt>
File: /home/kpapad/UG_thesis/Thesis/Dissertation/src/figures/627px-Standard_Mod
el_of_Elementary_Particles.svg.png Graphic file (type png)
<use /home/kpapad/UG_thesis/Thesis/Dissertation/src/figures/627px-Standard_Mode
l_of_Elementary_Particles.svg.png>
Package pdftex.def Info: /home/kpapad/UG_thesis/Thesis/Dissertation/src/figures
/627px-Standard_Model_of_Elementary_Particles.svg.png  used on input line 123.
(pdftex.def)             Requested size: 141.41264pt x 135.3166pt.
 [3 </home/kpapad/UG_thesis/Thesis/Dissertation/src/figures/627px-Standard_Mode
l_of_Elementary_Particles.svg.png>]) [4]
\openout2 = `detectors.aux'.

 (./detectors.tex
Chapter 2.
</home/kpapad/UG_thesis/Thesis/Dissertation/src/figures/cms_detector.jpg, id=35
0, 586.44093pt x 413.29407pt>
File: /home/kpapad/UG_thesis/Thesis/Dissertation/src/figures/cms_detector.jpg G
raphic file (type jpg)
<use /home/kpapad/UG_thesis/Thesis/Dissertation/src/figures/cms_detector.jpg>
Package pdftex.def Info: /home/kpapad/UG_thesis/Thesis/Dissertation/src/figures
/cms_detector.jpg  used on input line 19.
(pdftex.def)             Requested size: 323.22449pt x 227.79172pt.
1: section
[5




]
</home/kpapad/UG_thesis/Thesis/Dissertation/src/figures/cms_coords.jpg, id=358,
 537.50812pt x 226.59656pt>
File: /home/kpapad/UG_thesis/Thesis/Dissertation/src/figures/cms_coords.jpg Gra
phic file (type jpg)
<use /home/kpapad/UG_thesis/Thesis/Dissertation/src/figures/cms_coords.jpg>
Package pdftex.def Info: /home/kpapad/UG_thesis/Thesis/Dissertation/src/figures
/cms_coords.jpg  used on input line 34.
(pdftex.def)             Requested size: 282.81912pt x 119.22774pt.


LaTeX Warning: `h' float specifier changed to `ht'.

[6 </home/kpapad/UG_thesis/Thesis/Dissertation/src/figures/cms_detector.jpg>]
</home/kpapad/UG_thesis/Thesis/Dissertation/src/figures/cms_tracker.jpg, id=370
, 1160.335pt x 560.0925pt>
File: /home/kpapad/UG_thesis/Thesis/Dissertation/src/figures/cms_tracker.jpg Gr
aphic file (type jpg)
<use /home/kpapad/UG_thesis/Thesis/Dissertation/src/figures/cms_tracker.jpg>
Package pdftex.def Info: /home/kpapad/UG_thesis/Thesis/Dissertation/src/figures
/cms_tracker.jpg  used on input line 61.
(pdftex.def)             Requested size: 363.6237pt x 175.51561pt.

[7 </home/kpapad/UG_thesis/Thesis/Dissertation/src/figures/cms_coords.jpg> </ho
me/kpapad/UG_thesis/Thesis/Dissertation/src/figures/cms_tracker.jpg>]
</home/kpapad/UG_thesis/Thesis/Dissertation/src/figures/cms_ecal.jpg, id=384, 9
98.73125pt x 520.94624pt>
File: /home/kpapad/UG_thesis/Thesis/Dissertation/src/figures/cms_ecal.jpg Graph
ic file (type jpg)
<use /home/kpapad/UG_thesis/Thesis/Dissertation/src/figures/cms_ecal.jpg>
Package pdftex.def Info: /home/kpapad/UG_thesis/Thesis/Dissertation/src/figures
/cms_ecal.jpg  used on input line 83.
(pdftex.def)             Requested size: 363.6237pt x 189.67084pt.
 [8 </home/kpapad/UG_thesis/Thesis/Dissertation/src/figures/cms_ecal.jpg>]
</home/kpapad/UG_thesis/Thesis/Dissertation/src/figures/cms_MuonChambers.png, i
d=394, 756.8275pt x 554.07pt>
File: /home/kpapad/UG_thesis/Thesis/Dissertation/src/figures/cms_MuonChambers.p
ng Graphic file (type png)
<use /home/kpapad/UG_thesis/Thesis/Dissertation/src/figures/cms_MuonChambers.pn
g>
Package pdftex.def Info: /home/kpapad/UG_thesis/Thesis/Dissertation/src/figures
/cms_MuonChambers.png  used on input line 103.
(pdftex.def)             Requested size: 363.6237pt x 266.20421pt.

Overfull \hbox (4.00655pt too wide) in paragraph at lines 108--109
\T1/gentium/m/n/10.95 "bar-rel re-gion," which sur-rounds the beam line, the DT
s and square-shaped RPCs are grouped
 []

[9 </home/kpapad/UG_thesis/Thesis/Dissertation/src/figures/cms_MuonChambers.png
>]) [10]
\openout2 = `boosted_trees.aux'.

 (./boosted_trees.tex
Chapter 3.

Overfull \hbox (12.23819pt too wide) in paragraph at lines 3--3
[]\T1/gentium/b/n/14.4 Multivariate tech-niqies: De-ci-sion trees and Su-per-vi
sed Learn-
 []

1: section
[11




]
</home/kpapad/UG_thesis/Thesis/Dissertation/src/figures/boosted_trees_fig1.png,
 id=417, 423.38174pt x 321.6015pt>
File: /home/kpapad/UG_thesis/Thesis/Dissertation/src/figures/boosted_trees_fig1
.png Graphic file (type png)
<use /home/kpapad/UG_thesis/Thesis/Dissertation/src/figures/boosted_trees_fig1.
png>
Package pdftex.def Info: /home/kpapad/UG_thesis/Thesis/Dissertation/src/figures
/boosted_trees_fig1.png  used on input line 46.
(pdftex.def)             Requested size: 323.22449pt x 245.5238pt.
 [12 </home/kpapad/UG_thesis/Thesis/Dissertation/src/figures/boosted_trees_fig1
.png>]
LaTeX Font Info:    Trying to load font information for T1+cmtt on input line 5
8.
 (/usr/share/texmf-dist/tex/latex/base/t1cmtt.fd
File: t1cmtt.fd 2019/12/16 v2.5j Standard LaTeX font definitions
)
</home/kpapad/UG_thesis/Thesis/Dissertation/src/figures/boosted_trees_fig2.png,
 id=427, 879.285pt x 393.47pt>
File: /home/kpapad/UG_thesis/Thesis/Dissertation/src/figures/boosted_trees_fig2
.png Graphic file (type png)
<use /home/kpapad/UG_thesis/Thesis/Dissertation/src/figures/boosted_trees_fig2.
png>
Package pdftex.def Info: /home/kpapad/UG_thesis/Thesis/Dissertation/src/figures
/boosted_trees_fig2.png  used on input line 66.
(pdftex.def)             Requested size: 323.22449pt x 144.639pt.
 [13 </home/kpapad/UG_thesis/Thesis/Dissertation/src/figures/boosted_trees_fig2
.png>] [14])
[15]
\openout2 = `Analysis.aux'.

 (./Analysis.tex [16




]
Chapter 4.

Package hyperref Warning: Token not allowed in a PDF string (Unicode):
(hyperref)                removing `math shift' on input line 1.


Package hyperref Warning: Token not allowed in a PDF string (Unicode):
(hyperref)                removing `\rightarrow' on input line 1.


Package hyperref Warning: Token not allowed in a PDF string (Unicode):
(hyperref)                removing `math shift' on input line 4.


Package hyperref Warning: Token not allowed in a PDF string (Unicode):
(hyperref)                removing `\rightarrow' on input line 4.

</home/kpapad/UG_thesis/Thesis/Analysis/out/Plots/DYJets_test2.pdf, id=468, 569
.12625pt x 385.44pt>
File: /home/kpapad/UG_thesis/Thesis/Analysis/out/Plots/DYJets_test2.pdf Graphic
 file (type pdf)
<use /home/kpapad/UG_thesis/Thesis/Analysis/out/Plots/DYJets_test2.pdf>
Package pdftex.def Info: /home/kpapad/UG_thesis/Thesis/Analysis/out/Plots/DYJet
s_test2.pdf  used on input line 36.
(pdftex.def)             Requested size: 202.01454pt x 136.81744pt.
1: section
[17 </home/kpapad/UG_thesis/Thesis/Analysis/out/Plots/DYJets_test2.pdf, page is
 rotated 90 degrees>]

LaTeX Warning: `!h' float specifier changed to `!ht'.

[18]
Overfull \hbox (33.73584pt too wide) in paragraph at lines 99--114
 [][] 
 []

</home/kpapad/UG_thesis/Thesis/Analysis/out/Plots/WPhiJets_M200M100300Deltas_va
rsplot.pdf, id=530, page=1, 569.12625pt x 384.43625pt>
File: /home/kpapad/UG_thesis/Thesis/Analysis/out/Plots/WPhiJets_M200M100300Delt
as_varsplot.pdf Graphic file (type pdf)
<use /home/kpapad/UG_thesis/Thesis/Analysis/out/Plots/WPhiJets_M200M100300Delta
s_varsplot.pdf, page 1>
Package pdftex.def Info: /home/kpapad/UG_thesis/Thesis/Analysis/out/Plots/WPhiJ
ets_M200M100300Deltas_varsplot.pdf , page1 used on input line 120.
(pdftex.def)             Requested size: 404.02908pt x 272.92818pt.
</home/kpapad/UG_thesis/Thesis/Analysis/out/Plots/WPhiJets_M200M100300Deltas_va
rsplot.pdf, id=531, page=2, 569.12625pt x 384.43625pt>
File: /home/kpapad/UG_thesis/Thesis/Analysis/out/Plots/WPhiJets_M200M100300Delt
as_varsplot.pdf Graphic file (type pdf)
<use /home/kpapad/UG_thesis/Thesis/Analysis/out/Plots/WPhiJets_M200M100300Delta
s_varsplot.pdf, page 2>
Package pdftex.def Info: /home/kpapad/UG_thesis/Thesis/Analysis/out/Plots/WPhiJ
ets_M200M100300Deltas_varsplot.pdf , page2 used on input line 121.
(pdftex.def)             Requested size: 404.02908pt x 272.92818pt.

LaTeX Warning: `!h' float specifier changed to `!ht'.

</home/kpapad/UG_thesis/Thesis/Bdt/out/Plots/WPhiJets_M200M100300DeltasPConf12B
DTplot.pdf, id=533, page=5, 569.12625pt x 569.12625pt>
File: /home/kpapad/UG_thesis/Thesis/Bdt/out/Plots/WPhiJets_M200M100300DeltasPCo
nf12BDTplot.pdf Graphic file (type pdf)
<use /home/kpapad/UG_thesis/Thesis/Bdt/out/Plots/WPhiJets_M200M100300DeltasPCon
f12BDTplot.pdf, page 5>
Package pdftex.def Info: /home/kpapad/UG_thesis/Thesis/Bdt/out/Plots/WPhiJets_M
200M100300DeltasPConf12BDTplot.pdf , page5 used on input line 133.
(pdftex.def)             Requested size: 197.97646pt x 197.98138pt.
LaTeX Font Info:    Font shape `T1/gentium/m/n' will be
(Font)              scaled to size 9.0pt on input line 134.
LaTeX Font Info:    Font shape `T1/gentium/m/sc' will be
(Font)              scaled to size 9.0pt on input line 134.
</home/kpapad/UG_thesis/Thesis/Bdt/out/Plots/WPhiJets_M200M100300DeltasPConf12B
DTplot.pdf, id=534, page=3, 569.12625pt x 569.12625pt>
File: /home/kpapad/UG_thesis/Thesis/Bdt/out/Plots/WPhiJets_M200M100300DeltasPCo
nf12BDTplot.pdf Graphic file (type pdf)
<use /home/kpapad/UG_thesis/Thesis/Bdt/out/Plots/WPhiJets_M200M100300DeltasPCon
f12BDTplot.pdf, page 3>
Package pdftex.def Info: /home/kpapad/UG_thesis/Thesis/Bdt/out/Plots/WPhiJets_M
200M100300DeltasPConf12BDTplot.pdf , page3 used on input line 138.
(pdftex.def)             Requested size: 197.97646pt x 197.98138pt.

LaTeX Warning: `!h' float specifier changed to `!ht'.

[19]
</home/kpapad/UG_thesis/Thesis/Bdt/src/WPhiJets_M200M100300_ROCs.pdf, id=545, p
age=1, 569.12625pt x 569.12625pt>
File: /home/kpapad/UG_thesis/Thesis/Bdt/src/WPhiJets_M200M100300_ROCs.pdf Graph
ic file (type pdf)
<use /home/kpapad/UG_thesis/Thesis/Bdt/src/WPhiJets_M200M100300_ROCs.pdf, page 
1>
Package pdftex.def Info: /home/kpapad/UG_thesis/Thesis/Bdt/src/WPhiJets_M200M10
0300_ROCs.pdf , page1 used on input line 154.
(pdftex.def)             Requested size: 197.97646pt x 197.98138pt.
</home/kpapad/UG_thesis/Thesis/Bdt/src/WPhiJets_M200M100300_Significance.pdf, i
d=546, page=1, 569.12625pt x 569.12625pt>
File: /home/kpapad/UG_thesis/Thesis/Bdt/src/WPhiJets_M200M100300_Significance.p
df Graphic file (type pdf)
<use /home/kpapad/UG_thesis/Thesis/Bdt/src/WPhiJets_M200M100300_Significance.pd
f, page 1>
Package pdftex.def Info: /home/kpapad/UG_thesis/Thesis/Bdt/src/WPhiJets_M200M10
0300_Significance.pdf , page1 used on input line 160.
(pdftex.def)             Requested size: 197.97646pt x 197.98138pt.


LaTeX Warning: `h' float specifier changed to `ht'.

[20 </home/kpapad/UG_thesis/Thesis/Analysis/out/Plots/WPhiJets_M200M100300Delta
s_varsplot.pdf, page is rotated 90 degrees> </home/kpapad/UG_thesis/Thesis/Anal
ysis/out/Plots/WPhiJets_M200M100300Deltas_varsplot.pdf, page is rotated 90 degr
ees>]
</home/kpapad/UG_thesis/Thesis/Bdt/src/WPhiJets_M200M100300_Significance.pdf, i
d=602, page=2, 569.12625pt x 569.12625pt>
File: /home/kpapad/UG_thesis/Thesis/Bdt/src/WPhiJets_M200M100300_Significance.p
df Graphic file (type pdf)
<use /home/kpapad/UG_thesis/Thesis/Bdt/src/WPhiJets_M200M100300_Significance.pd
f, page 2>
Package pdftex.def Info: /home/kpapad/UG_thesis/Thesis/Bdt/src/WPhiJets_M200M10
0300_Significance.pdf , page2 used on input line 175.
(pdftex.def)             Requested size: 202.01454pt x 202.01952pt.


LaTeX Warning: `!h' float specifier changed to `!ht'.


Overfull \hbox (56.70943pt too wide) in paragraph at lines 183--197
 [][] 
 []

[21 </home/kpapad/UG_thesis/Thesis/Bdt/out/Plots/WPhiJets_M200M100300DeltasPCon
f12BDTplot.pdf, page is rotated 90 degrees> </home/kpapad/UG_thesis/Thesis/Bdt/
out/Plots/WPhiJets_M200M100300DeltasPConf12BDTplot.pdf, page is rotated 90 degr
ees>] [22 </home/kpapad/UG_thesis/Thesis/Bdt/src/WPhiJets_M200M100300_ROCs.pdf>
 </home/kpapad/UG_thesis/Thesis/Bdt/src/WPhiJets_M200M100300_Significance.pdf> 
</home/kpapad/UG_thesis/Thesis/Bdt/src/WPhiJets_M200M100300_Significance.pdf>]
</home/kpapad/UG_thesis/Thesis/Analysis/out/Plots/WPhiJets_M200M100300_Applicat
ion_MassSpectrum.pdf, id=747, page=1, 569.12625pt x 569.12625pt>
File: /home/kpapad/UG_thesis/Thesis/Analysis/out/Plots/WPhiJets_M200M100300_App
lication_MassSpectrum.pdf Graphic file (type pdf)
<use /home/kpapad/UG_thesis/Thesis/Analysis/out/Plots/WPhiJets_M200M100300_Appl
ication_MassSpectrum.pdf, page 1>
Package pdftex.def Info: /home/kpapad/UG_thesis/Thesis/Analysis/out/Plots/WPhiJ
ets_M200M100300_Application_MassSpectrum.pdf , page1 used on input line 212.
(pdftex.def)             Requested size: 202.01454pt x 202.01952pt.

Overfull \hbox (1.0064pt too wide) in paragraph at lines 217--218
\T1/gentium/m/n/10.95 cluded from this study, and the work-ing mass spec-trum i
s lim-ited to the range $\OT1/cmr/m/n/10.95 [120\OML/cmm/m/it/10.95 ; \OT1/cmr/
m/n/10.95 300][]$\T1/gentium/m/n/10.95 . 
 []

</home/kpapad/UG_thesis/Thesis/Analysis/out/Plots/WPhiJets_M200M100300_Applicat
ion_bkgFit.pdf, id=750, page=1, 569.12625pt x 569.12625pt>
File: /home/kpapad/UG_thesis/Thesis/Analysis/out/Plots/WPhiJets_M200M100300_App
lication_bkgFit.pdf Graphic file (type pdf)
<use /home/kpapad/UG_thesis/Thesis/Analysis/out/Plots/WPhiJets_M200M100300_Appl
ication_bkgFit.pdf, page 1>
Package pdftex.def Info: /home/kpapad/UG_thesis/Thesis/Analysis/out/Plots/WPhiJ
ets_M200M100300_Application_bkgFit.pdf , page1 used on input line 232.
(pdftex.def)             Requested size: 202.01454pt x 202.01952pt.

LaTeX Warning: `!h' float specifier changed to `!ht'.

</home/kpapad/UG_thesis/Thesis/Analysis/src/WPhiJets_M200M100300_Significance0.
pdf, id=754, page=1, 569.12625pt x 569.12625pt>
File: /home/kpapad/UG_thesis/Thesis/Analysis/src/WPhiJets_M200M100300_Significa
nce0.pdf Graphic file (type pdf)
<use /home/kpapad/UG_thesis/Thesis/Analysis/src/WPhiJets_M200M100300_Significan
ce0.pdf, page 1>
Package pdftex.def Info: /home/kpapad/UG_thesis/Thesis/Analysis/src/WPhiJets_M2
00M100300_Significance0.pdf , page1 used on input line 246.
(pdftex.def)             Requested size: 202.01454pt x 202.01952pt.
[23

 </home/kpapad/UG_thesis/Thesis/Analysis/out/Plots/WPhiJets_M200M100300_Applica
tion_MassSpectrum.pdf>]
</home/kpapad/UG_thesis/Thesis/Bdt/src/WPhiJets_M200M100300_Significance.pdf, i
d=810, page=3, 569.12625pt x 569.12625pt>
File: /home/kpapad/UG_thesis/Thesis/Bdt/src/WPhiJets_M200M100300_Significance.p
df Graphic file (type pdf)
<use /home/kpapad/UG_thesis/Thesis/Bdt/src/WPhiJets_M200M100300_Significance.pd
f, page 3>
Package pdftex.def Info: /home/kpapad/UG_thesis/Thesis/Bdt/src/WPhiJets_M200M10
0300_Significance.pdf , page3 used on input line 254.
(pdftex.def)             Requested size: 202.01454pt x 202.01952pt.

Underfull \hbox (badness 1590) in paragraph at lines 278--278
[]|\T1/gentium/m/n/10.95 No. Sig. Events
 []


Underfull \hbox (badness 10000) in paragraph at lines 278--278
[]|\T1/gentium/m/n/10.95 No. Bkg.Events
 []


Underfull \hbox (badness 1590) in paragraph at lines 278--278
[]|\T1/gentium/m/n/10.95 No. Sig. Events
 []


Underfull \hbox (badness 10000) in paragraph at lines 278--279
[]|\T1/gentium/m/n/10.95 No. Bkg.Events
 []


Overfull \hbox (56.70943pt too wide) in paragraph at lines 276--287
 [][] 
 []

[24 </home/kpapad/UG_thesis/Thesis/Analysis/out/Plots/WPhiJets_M200M100300_Appl
ication_bkgFit.pdf> </home/kpapad/UG_thesis/Thesis/Analysis/src/WPhiJets_M200M1
00300_Significance0.pdf>] [25 </home/kpapad/UG_thesis/Thesis/Bdt/src/WPhiJets_M
200M100300_Significance.pdf>]
</home/kpapad/UG_thesis/Thesis/Bdt/src/WPhiJets_M200M100300_Significance.pdf, i
d=956, page=4, 569.12625pt x 569.12625pt>
File: /home/kpapad/UG_thesis/Thesis/Bdt/src/WPhiJets_M200M100300_Significance.p
df Graphic file (type pdf)
<use /home/kpapad/UG_thesis/Thesis/Bdt/src/WPhiJets_M200M100300_Significance.pd
f, page 4>
Package pdftex.def Info: /home/kpapad/UG_thesis/Thesis/Bdt/src/WPhiJets_M200M10
0300_Significance.pdf , page4 used on input line 297.
(pdftex.def)             Requested size: 202.01454pt x 202.01952pt.
</home/kpapad/UG_thesis/Thesis/Analysis/src/WPhiJets_M200M100300_FitALL.pdf, id
=961, page=1, 569.12625pt x 569.12625pt>
File: /home/kpapad/UG_thesis/Thesis/Analysis/src/WPhiJets_M200M100300_FitALL.pd
f Graphic file (type pdf)
<use /home/kpapad/UG_thesis/Thesis/Analysis/src/WPhiJets_M200M100300_FitALL.pdf
, page 1>
Package pdftex.def Info: /home/kpapad/UG_thesis/Thesis/Analysis/src/WPhiJets_M2
00M100300_FitALL.pdf , page1 used on input line 309.
(pdftex.def)             Requested size: 181.81184pt x 181.8115pt.
</home/kpapad/UG_thesis/Thesis/Analysis/src/WPhiJets_M200M100300_FitALL.pdf, id
=962, page=2, 569.12625pt x 569.12625pt>
File: /home/kpapad/UG_thesis/Thesis/Analysis/src/WPhiJets_M200M100300_FitALL.pd
f Graphic file (type pdf)
<use /home/kpapad/UG_thesis/Thesis/Analysis/src/WPhiJets_M200M100300_FitALL.pdf
, page 2>
Package pdftex.def Info: /home/kpapad/UG_thesis/Thesis/Analysis/src/WPhiJets_M2
00M100300_FitALL.pdf , page2 used on input line 314.
(pdftex.def)             Requested size: 181.81184pt x 181.8115pt.
</home/kpapad/UG_thesis/Thesis/Analysis/src/WPhiJets_M200M100300_FitALL.pdf, id
=963, page=3, 569.12625pt x 569.12625pt>
File: /home/kpapad/UG_thesis/Thesis/Analysis/src/WPhiJets_M200M100300_FitALL.pd
f Graphic file (type pdf)
<use /home/kpapad/UG_thesis/Thesis/Analysis/src/WPhiJets_M200M100300_FitALL.pdf
, page 3>
Package pdftex.def Info: /home/kpapad/UG_thesis/Thesis/Analysis/src/WPhiJets_M2
00M100300_FitALL.pdf , page3 used on input line 320.
(pdftex.def)             Requested size: 181.81184pt x 181.8115pt.
</home/kpapad/UG_thesis/Thesis/Analysis/src/WPhiJets_M200M100300_FitALL.pdf, id
=964, page=4, 569.12625pt x 569.12625pt>
File: /home/kpapad/UG_thesis/Thesis/Analysis/src/WPhiJets_M200M100300_FitALL.pd
f Graphic file (type pdf)
<use /home/kpapad/UG_thesis/Thesis/Analysis/src/WPhiJets_M200M100300_FitALL.pdf
, page 4>
Package pdftex.def Info: /home/kpapad/UG_thesis/Thesis/Analysis/src/WPhiJets_M2
00M100300_FitALL.pdf , page4 used on input line 325.
(pdftex.def)             Requested size: 181.81184pt x 181.8115pt.
</home/kpapad/UG_thesis/Thesis/Analysis/src/WPhiJets_M200M100300_FitALL.pdf, id
=965, page=5, 569.12625pt x 569.12625pt>
File: /home/kpapad/UG_thesis/Thesis/Analysis/src/WPhiJets_M200M100300_FitALL.pd
f Graphic file (type pdf)
<use /home/kpapad/UG_thesis/Thesis/Analysis/src/WPhiJets_M200M100300_FitALL.pdf
, page 5>
Package pdftex.def Info: /home/kpapad/UG_thesis/Thesis/Analysis/src/WPhiJets_M2
00M100300_FitALL.pdf , page5 used on input line 331.
(pdftex.def)             Requested size: 181.81184pt x 181.8115pt.
</home/kpapad/UG_thesis/Thesis/Analysis/src/WPhiJets_M200M100300_FitALL.pdf, id
=966, page=6, 569.12625pt x 569.12625pt>
File: /home/kpapad/UG_thesis/Thesis/Analysis/src/WPhiJets_M200M100300_FitALL.pd
f Graphic file (type pdf)
<use /home/kpapad/UG_thesis/Thesis/Analysis/src/WPhiJets_M200M100300_FitALL.pdf
, page 6>
Package pdftex.def Info: /home/kpapad/UG_thesis/Thesis/Analysis/src/WPhiJets_M2
00M100300_FitALL.pdf , page6 used on input line 342.
(pdftex.def)             Requested size: 181.81184pt x 181.8115pt.
</home/kpapad/UG_thesis/Thesis/Analysis/src/WPhiJets_M200M100300_FitALL.pdf, id
=967, page=7, 569.12625pt x 569.12625pt>
File: /home/kpapad/UG_thesis/Thesis/Analysis/src/WPhiJets_M200M100300_FitALL.pd
f Graphic file (type pdf)
<use /home/kpapad/UG_thesis/Thesis/Analysis/src/WPhiJets_M200M100300_FitALL.pdf
, page 7>
Package pdftex.def Info: /home/kpapad/UG_thesis/Thesis/Analysis/src/WPhiJets_M2
00M100300_FitALL.pdf , page7 used on input line 347.
(pdftex.def)             Requested size: 181.81184pt x 181.8115pt.
</home/kpapad/UG_thesis/Thesis/Analysis/src/WPhiJets_M200M100300_FitALL.pdf, id
=968, page=8, 569.12625pt x 569.12625pt>
File: /home/kpapad/UG_thesis/Thesis/Analysis/src/WPhiJets_M200M100300_FitALL.pd
f Graphic file (type pdf)
<use /home/kpapad/UG_thesis/Thesis/Analysis/src/WPhiJets_M200M100300_FitALL.pdf
, page 8>
Package pdftex.def Info: /home/kpapad/UG_thesis/Thesis/Analysis/src/WPhiJets_M2
00M100300_FitALL.pdf , page8 used on input line 353.
(pdftex.def)             Requested size: 181.81184pt x 181.8115pt.
 [26 </home/kpapad/UG_thesis/Thesis/Bdt/src/WPhiJets_M200M100300_Significance.p
df>] [27 </home/kpapad/UG_thesis/Thesis/Analysis/src/WPhiJets_M200M100300_FitAL
L.pdf> </home/kpapad/UG_thesis/Thesis/Analysis/src/WPhiJets_M200M100300_FitALL.
pdf> </home/kpapad/UG_thesis/Thesis/Analysis/src/WPhiJets_M200M100300_FitALL.pd
f> </home/kpapad/UG_thesis/Thesis/Analysis/src/WPhiJets_M200M100300_FitALL.pdf>
 </home/kpapad/UG_thesis/Thesis/Analysis/src/WPhiJets_M200M100300_FitALL.pdf>] 
[28 </home/kpapad/UG_thesis/Thesis/Analysis/src/WPhiJets_M200M100300_FitALL.pdf
> </home/kpapad/UG_thesis/Thesis/Analysis/src/WPhiJets_M200M100300_FitALL.pdf> 
</home/kpapad/UG_thesis/Thesis/Analysis/src/WPhiJets_M200M100300_FitALL.pdf>]
Chapter 5.

Package hyperref Warning: Token not allowed in a PDF string (Unicode):
(hyperref)                removing `math shift' on input line 361.


Package hyperref Warning: Token not allowed in a PDF string (Unicode):
(hyperref)                removing `\rightarrow' on input line 361.


Package hyperref Warning: Token not allowed in a PDF string (Unicode):
(hyperref)                removing `math shift' on input line 364.


Package hyperref Warning: Token not allowed in a PDF string (Unicode):
(hyperref)                removing `\rightarrow' on input line 364.

</home/kpapad/UG_thesis/Thesis/Analysis/out/Plots/DYJets_M60M5080_MassHist.pdf,
 id=1071, 569.12625pt x 385.44pt>
File: /home/kpapad/UG_thesis/Thesis/Analysis/out/Plots/DYJets_M60M5080_MassHist
.pdf Graphic file (type pdf)
<use /home/kpapad/UG_thesis/Thesis/Analysis/out/Plots/DYJets_M60M5080_MassHist.
pdf>
Package pdftex.def Info: /home/kpapad/UG_thesis/Thesis/Analysis/out/Plots/DYJet
s_M60M5080_MassHist.pdf  used on input line 370.
(pdftex.def)             Requested size: 202.01454pt x 136.81744pt.

LaTeX Warning: `!h' float specifier changed to `!ht'.

1: section
[29

 </home/kpapad/UG_thesis/Thesis/Analysis/out/Plots/DYJets_M60M5080_MassHist.pdf
, page is rotated 90 degrees>]
</home/kpapad/UG_thesis/Thesis/Bdt/out/Plots/WPhiJets_M60M5080DeltasPConf13BDTp
lot.pdf, id=1125, page=5, 569.12625pt x 569.12625pt>
File: /home/kpapad/UG_thesis/Thesis/Bdt/out/Plots/WPhiJets_M60M5080DeltasPConf1
3BDTplot.pdf Graphic file (type pdf)
<use /home/kpapad/UG_thesis/Thesis/Bdt/out/Plots/WPhiJets_M60M5080DeltasPConf13
BDTplot.pdf, page 5>
Package pdftex.def Info: /home/kpapad/UG_thesis/Thesis/Bdt/out/Plots/WPhiJets_M
60M5080DeltasPConf13BDTplot.pdf , page5 used on input line 420.
(pdftex.def)             Requested size: 197.97646pt x 197.98138pt.
</home/kpapad/UG_thesis/Thesis/Bdt/out/Plots/WPhiJets_M60M5080DeltasPConf12BDTp
lot.pdf, id=1126, page=3, 569.12625pt x 569.12625pt>
File: /home/kpapad/UG_thesis/Thesis/Bdt/out/Plots/WPhiJets_M60M5080DeltasPConf1
2BDTplot.pdf Graphic file (type pdf)
<use /home/kpapad/UG_thesis/Thesis/Bdt/out/Plots/WPhiJets_M60M5080DeltasPConf12
BDTplot.pdf, page 3>
Package pdftex.def Info: /home/kpapad/UG_thesis/Thesis/Bdt/out/Plots/WPhiJets_M
60M5080DeltasPConf12BDTplot.pdf , page3 used on input line 426.
(pdftex.def)             Requested size: 197.97646pt x 197.98138pt.
 [30 </home/kpapad/UG_thesis/Thesis/Bdt/out/Plots/WPhiJets_M60M5080DeltasPConf1
3BDTplot.pdf, page is rotated 90 degrees> </home/kpapad/UG_thesis/Thesis/Bdt/ou
t/Plots/WPhiJets_M60M5080DeltasPConf12BDTplot.pdf, page is rotated 90 degrees>]
</home/kpapad/UG_thesis/Thesis/Analysis/out/Plots/WPhiJets_M60M5080DeltasVarsPl
ots.pdf, id=1221, page=1, 569.12625pt x 384.43625pt>
File: /home/kpapad/UG_thesis/Thesis/Analysis/out/Plots/WPhiJets_M60M5080DeltasV
arsPlots.pdf Graphic file (type pdf)
<use /home/kpapad/UG_thesis/Thesis/Analysis/out/Plots/WPhiJets_M60M5080DeltasVa
rsPlots.pdf, page 1>
Package pdftex.def Info: /home/kpapad/UG_thesis/Thesis/Analysis/out/Plots/WPhiJ
ets_M60M5080DeltasVarsPlots.pdf , page1 used on input line 440.
(pdftex.def)             Requested size: 404.02908pt x 272.92818pt.
</home/kpapad/UG_thesis/Thesis/Analysis/out/Plots/WPhiJets_M60M5080DeltasVarsPl
ots.pdf, id=1222, page=2, 569.12625pt x 384.43625pt>
File: /home/kpapad/UG_thesis/Thesis/Analysis/out/Plots/WPhiJets_M60M5080DeltasV
arsPlots.pdf Graphic file (type pdf)
<use /home/kpapad/UG_thesis/Thesis/Analysis/out/Plots/WPhiJets_M60M5080DeltasVa
rsPlots.pdf, page 2>
Package pdftex.def Info: /home/kpapad/UG_thesis/Thesis/Analysis/out/Plots/WPhiJ
ets_M60M5080DeltasVarsPlots.pdf , page2 used on input line 441.
(pdftex.def)             Requested size: 404.02908pt x 272.92818pt.
 [31 </home/kpapad/UG_thesis/Thesis/Analysis/out/Plots/WPhiJets_M60M5080DeltasV
arsPLots.pdf, page is rotated 90 degrees> </home/kpapad/UG_thesis/Thesis/Analys
is/out/Plots/WPhiJets_M60M5080DeltasVarsPLots.pdf, page is rotated 90 degrees>]
</home/kpapad/UG_thesis/Thesis/Bdt/src/WPhiJets_M60M5080_ROCs.pdf, id=1280, pag
e=1, 569.12625pt x 569.12625pt>
File: /home/kpapad/UG_thesis/Thesis/Bdt/src/WPhiJets_M60M5080_ROCs.pdf Graphic 
file (type pdf)
<use /home/kpapad/UG_thesis/Thesis/Bdt/src/WPhiJets_M60M5080_ROCs.pdf, page 1>
Package pdftex.def Info: /home/kpapad/UG_thesis/Thesis/Bdt/src/WPhiJets_M60M508
0_ROCs.pdf , page1 used on input line 456.
(pdftex.def)             Requested size: 197.97646pt x 197.98138pt.
</home/kpapad/UG_thesis/Thesis/Bdt/src/WPhiJets_M60M5080_Significance.pdf, id=1
281, page=1, 569.12625pt x 569.12625pt>
File: /home/kpapad/UG_thesis/Thesis/Bdt/src/WPhiJets_M60M5080_Significance.pdf 
Graphic file (type pdf)
<use /home/kpapad/UG_thesis/Thesis/Bdt/src/WPhiJets_M60M5080_Significance.pdf, 
page 1>
Package pdftex.def Info: /home/kpapad/UG_thesis/Thesis/Bdt/src/WPhiJets_M60M508
0_Significance.pdf , page1 used on input line 461.
(pdftex.def)             Requested size: 197.97646pt x 197.98138pt.
</home/kpapad/UG_thesis/Thesis/Bdt/src/WPhiJets_M60M5080_Significance.pdf, id=1
284, page=2, 569.12625pt x 569.12625pt>
File: /home/kpapad/UG_thesis/Thesis/Bdt/src/WPhiJets_M60M5080_Significance.pdf 
Graphic file (type pdf)
<use /home/kpapad/UG_thesis/Thesis/Bdt/src/WPhiJets_M60M5080_Significance.pdf, 
page 2>
Package pdftex.def Info: /home/kpapad/UG_thesis/Thesis/Bdt/src/WPhiJets_M60M508
0_Significance.pdf , page2 used on input line 487.
(pdftex.def)             Requested size: 202.01454pt x 202.01952pt.


LaTeX Warning: `!h' float specifier changed to `!ht'.

[32 </home/kpapad/UG_thesis/Thesis/Bdt/src/WPhiJets_M60M5080_ROCs.pdf> </home/k
papad/UG_thesis/Thesis/Bdt/src/WPhiJets_M60M5080_Significance.pdf>]
</home/kpapad/UG_thesis/Thesis/Analysis/out/Plots/WPhiJets_M60M5080_Application
_MassSpectrum.pdf, id=1382, page=1, 569.12625pt x 569.12625pt>
File: /home/kpapad/UG_thesis/Thesis/Analysis/out/Plots/WPhiJets_M60M5080_Applic
ation_MassSpectrum.pdf Graphic file (type pdf)
<use /home/kpapad/UG_thesis/Thesis/Analysis/out/Plots/WPhiJets_M60M5080_Applica
tion_MassSpectrum.pdf, page 1>
Package pdftex.def Info: /home/kpapad/UG_thesis/Thesis/Analysis/out/Plots/WPhiJ
ets_M60M5080_Application_MassSpectrum.pdf , page1 used on input line 502.
(pdftex.def)             Requested size: 202.01454pt x 202.01952pt.
 [33 </home/kpapad/UG_thesis/Thesis/Bdt/src/WPhiJets_M60M5080_Significance.pdf>
 </home/kpapad/UG_thesis/Thesis/Analysis/out/Plots/WPhiJets_M60M5080_Applicatio
n_MassSpectrum.pdf>]
</home/kpapad/UG_thesis/Thesis/Analysis/out/Plots/WPhiJets_M60M5080_Application
_bkgonly_Fit.pdf, id=1434, page=1, 569.12625pt x 569.12625pt>
File: /home/kpapad/UG_thesis/Thesis/Analysis/out/Plots/WPhiJets_M60M5080_Applic
ation_bkgonly_Fit.pdf Graphic file (type pdf)
<use /home/kpapad/UG_thesis/Thesis/Analysis/out/Plots/WPhiJets_M60M5080_Applica
tion_bkgonly_Fit.pdf, page 1>
Package pdftex.def Info: /home/kpapad/UG_thesis/Thesis/Analysis/out/Plots/WPhiJ
ets_M60M5080_Application_bkgonly_Fit.pdf , page1 used on input line 521.
(pdftex.def)             Requested size: 202.01454pt x 202.01952pt.
</home/kpapad/UG_thesis/Thesis/Analysis/src/WPhiJets_M60M5080_Significance0.pdf
, id=1439, page=1, 569.12625pt x 569.12625pt>
File: /home/kpapad/UG_thesis/Thesis/Analysis/src/WPhiJets_M60M5080_Significance
0.pdf Graphic file (type pdf)
<use /home/kpapad/UG_thesis/Thesis/Analysis/src/WPhiJets_M60M5080_Significance0
.pdf, page 1>
Package pdftex.def Info: /home/kpapad/UG_thesis/Thesis/Analysis/src/WPhiJets_M6
0M5080_Significance0.pdf , page1 used on input line 537.
(pdftex.def)             Requested size: 181.81184pt x 181.8115pt.
</home/kpapad/UG_thesis/Thesis/Bdt/src/WPhiJets_M60M5080_Significance.pdf, id=1
440, page=3, 569.12625pt x 569.12625pt>
File: /home/kpapad/UG_thesis/Thesis/Bdt/src/WPhiJets_M60M5080_Significance.pdf 
Graphic file (type pdf)
<use /home/kpapad/UG_thesis/Thesis/Bdt/src/WPhiJets_M60M5080_Significance.pdf, 
page 3>
Package pdftex.def Info: /home/kpapad/UG_thesis/Thesis/Bdt/src/WPhiJets_M60M508
0_Significance.pdf , page3 used on input line 543.
(pdftex.def)             Requested size: 181.81184pt x 181.8115pt.


LaTeX Warning: `h' float specifier changed to `ht'.


LaTeX Warning: `h' float specifier changed to `ht'.


Underfull \hbox (badness 1590) in paragraph at lines 572--572
[]|\T1/gentium/m/n/10.95 No. Sig. Events
 []


Underfull \hbox (badness 10000) in paragraph at lines 572--572
[]|\T1/gentium/m/n/10.95 No. Bkg.Events
 []


Underfull \hbox (badness 1590) in paragraph at lines 572--572
[]|\T1/gentium/m/n/10.95 No. Sig. Events
 []


Underfull \hbox (badness 10000) in paragraph at lines 572--573
[]|\T1/gentium/m/n/10.95 No. Bkg.Events
 []


Overfull \hbox (56.70943pt too wide) in paragraph at lines 570--581
 [][] 
 []


LaTeX Warning: `!h' float specifier changed to `!ht'.

[34 </home/kpapad/UG_thesis/Thesis/Analysis/out/Plots/WPhiJets_M60M5080_Applica
tion_bkgonly_Fit.pdf>]
</home/kpapad/UG_thesis/Thesis/Bdt/src/WPhiJets_M60M5080_Significance.pdf, id=1
499, page=4, 569.12625pt x 569.12625pt>
File: /home/kpapad/UG_thesis/Thesis/Bdt/src/WPhiJets_M60M5080_Significance.pdf 
Graphic file (type pdf)
<use /home/kpapad/UG_thesis/Thesis/Bdt/src/WPhiJets_M60M5080_Significance.pdf, 
page 4>
Package pdftex.def Info: /home/kpapad/UG_thesis/Thesis/Bdt/src/WPhiJets_M60M508
0_Significance.pdf , page4 used on input line 591.
(pdftex.def)             Requested size: 202.01454pt x 202.01952pt.


LaTeX Warning: `h' float specifier changed to `ht'.

[35 </home/kpapad/UG_thesis/Thesis/Analysis/src/WPhiJets_M60M5080_Significance0
.pdf> </home/kpapad/UG_thesis/Thesis/Bdt/src/WPhiJets_M60M5080_Significance.pdf
>]
</home/kpapad/UG_thesis/Thesis/Bdt/out/Plots/feature_importance_lm.pdf, id=1593
, page=1, 462.52798pt x 346.89601pt>
File: /home/kpapad/UG_thesis/Thesis/Bdt/out/Plots/feature_importance_lm.pdf Gra
phic file (type pdf)
<use /home/kpapad/UG_thesis/Thesis/Bdt/out/Plots/feature_importance_lm.pdf, pag
e 1>
Package pdftex.def Info: /home/kpapad/UG_thesis/Thesis/Bdt/out/Plots/feature_im
portance_lm.pdf , page1 used on input line 601.
(pdftex.def)             Requested size: 202.01454pt x 151.51254pt.
</home/kpapad/UG_thesis/Thesis/Analysis/src/WPhiJets_M60M5080_FitALL.pdf, id=15
94, page=1, 569.12625pt x 569.12625pt>
File: /home/kpapad/UG_thesis/Thesis/Analysis/src/WPhiJets_M60M5080_FitALL.pdf G
raphic file (type pdf)
<use /home/kpapad/UG_thesis/Thesis/Analysis/src/WPhiJets_M60M5080_FitALL.pdf, p
age 1>
Package pdftex.def Info: /home/kpapad/UG_thesis/Thesis/Analysis/src/WPhiJets_M6
0M5080_FitALL.pdf , page1 used on input line 610.
(pdftex.def)             Requested size: 181.81184pt x 181.8115pt.
</home/kpapad/UG_thesis/Thesis/Analysis/src/WPhiJets_M60M5080_FitALL.pdf, id=15
95, page=2, 569.12625pt x 569.12625pt>
File: /home/kpapad/UG_thesis/Thesis/Analysis/src/WPhiJets_M60M5080_FitALL.pdf G
raphic file (type pdf)
<use /home/kpapad/UG_thesis/Thesis/Analysis/src/WPhiJets_M60M5080_FitALL.pdf, p
age 2>
Package pdftex.def Info: /home/kpapad/UG_thesis/Thesis/Analysis/src/WPhiJets_M6
0M5080_FitALL.pdf , page2 used on input line 615.
(pdftex.def)             Requested size: 181.81184pt x 181.8115pt.
</home/kpapad/UG_thesis/Thesis/Analysis/src/WPhiJets_M60M5080_FitALL.pdf, id=15
96, page=3, 569.12625pt x 569.12625pt>
File: /home/kpapad/UG_thesis/Thesis/Analysis/src/WPhiJets_M60M5080_FitALL.pdf G
raphic file (type pdf)
<use /home/kpapad/UG_thesis/Thesis/Analysis/src/WPhiJets_M60M5080_FitALL.pdf, p
age 3>
Package pdftex.def Info: /home/kpapad/UG_thesis/Thesis/Analysis/src/WPhiJets_M6
0M5080_FitALL.pdf , page3 used on input line 621.
(pdftex.def)             Requested size: 181.81184pt x 181.8115pt.
</home/kpapad/UG_thesis/Thesis/Analysis/src/WPhiJets_M60M5080_FitALL.pdf, id=15
97, page=4, 569.12625pt x 569.12625pt>
File: /home/kpapad/UG_thesis/Thesis/Analysis/src/WPhiJets_M60M5080_FitALL.pdf G
raphic file (type pdf)
<use /home/kpapad/UG_thesis/Thesis/Analysis/src/WPhiJets_M60M5080_FitALL.pdf, p
age 4>
Package pdftex.def Info: /home/kpapad/UG_thesis/Thesis/Analysis/src/WPhiJets_M6
0M5080_FitALL.pdf , page4 used on input line 626.
(pdftex.def)             Requested size: 181.81184pt x 181.8115pt.
</home/kpapad/UG_thesis/Thesis/Analysis/src/WPhiJets_M60M5080_FitALL.pdf, id=15
98, page=5, 569.12625pt x 569.12625pt>
File: /home/kpapad/UG_thesis/Thesis/Analysis/src/WPhiJets_M60M5080_FitALL.pdf G
raphic file (type pdf)
<use /home/kpapad/UG_thesis/Thesis/Analysis/src/WPhiJets_M60M5080_FitALL.pdf, p
age 5>
Package pdftex.def Info: /home/kpapad/UG_thesis/Thesis/Analysis/src/WPhiJets_M6
0M5080_FitALL.pdf , page5 used on input line 632.
(pdftex.def)             Requested size: 181.81184pt x 181.8115pt.
) [36 </home/kpapad/UG_thesis/Thesis/Bdt/src/WPhiJets_M60M5080_Significance.pdf
> </home/kpapad/UG_thesis/Thesis/Bdt/out/Plots/feature_importance_lm.pdf>]
[37 </home/kpapad/UG_thesis/Thesis/Analysis/src/WPhiJets_M60M5080_FitALL.pdf> <
/home/kpapad/UG_thesis/Thesis/Analysis/src/WPhiJets_M60M5080_FitALL.pdf> </home
/kpapad/UG_thesis/Thesis/Analysis/src/WPhiJets_M60M5080_FitALL.pdf> </home/kpap
ad/UG_thesis/Thesis/Analysis/src/WPhiJets_M60M5080_FitALL.pdf> </home/kpapad/UG
_thesis/Thesis/Analysis/src/WPhiJets_M60M5080_FitALL.pdf>]
\openout2 = `Conclusions.aux'.

 (./Conclusions.tex
[38





]
Chapter 6.
)
1: section
[39] [40



]
Overfull \hbox (7.25073pt too wide) in paragraph at lines 184--184
[]\T1/gentium/m/n/10.95 S Cha-trchyan et al. ^^P  The CMS ex-per-i-ment at the 
CERN LHC. The Com-pact Muon Solenoid
 []


Overfull \hbox (14.5862pt too wide) in paragraph at lines 184--184
[]\T1/gentium/m/n/10.95 R.O. Duda, P.E. Hart, and D.G. Stork. \T1/gentium/m/it/
10.95 Pat-tern Clas-si-fi-ca-tion\T1/gentium/m/n/10.95 . Wi-ley, 2006. \T1/gent
ium/m/sc/10.95 isbn\T1/gentium/m/n/10.95 : 9788126511167.
 []

1: section
[41] (./main.aux (./Theoretical_Overview.aux) (./detectors.aux)
(./boosted_trees.aux) (./Analysis.aux) (./Conclusions.aux))
Package rerunfilecheck Info: File `main.out' has not changed.
(rerunfilecheck)             Checksum: 4D6E01C92D0874C64C5FA470AACC2DA2;10305.
Package logreq Info: Writing requests to 'main.run.xml'.
\openout1 = `main.run.xml'.

 ) 
Here is how much of TeX's memory you used:
 34501 strings out of 478238
 751253 string characters out of 5850455
 2475378 words of memory out of 5000000
 52054 multiletter control sequences out of 15000+600000
 515476 words of font info for 105 fonts, out of 8000000 for 9000
 1141 hyphenation exceptions out of 8191
 96i,20n,93p,1436b,2608s stack positions out of 5000i,500n,10000p,200000b,80000s
{/usr/share/texmf-dist/fonts/enc/dvips/cm-super/cm-super-t1.enc}{/usr/share/t
exmf-dist/fonts/enc/dvips/gentium-tug/gentium-ec.enc}{/usr/share/texmf-dist/fon
ts/enc/dvips/gentium-tug/gentium-ec-sc.enc}</usr/share/texmf-dist/fonts/type1/p
ublic/gentium-tug/GenBasB.pfb></usr/share/texmf-dist/fonts/type1/public/gentium
-tug/GentiumPlus-I.pfb></usr/share/texmf-dist/fonts/type1/public/gentium-tug/Ge
ntiumPlus-R.pfb></usr/share/texmf-dist/fonts/type1/public/amsfonts/cm/cmex10.pf
b></usr/share/texmf-dist/fonts/type1/public/amsfonts/cm/cmmi10.pfb></usr/share/
texmf-dist/fonts/type1/public/amsfonts/cm/cmmi12.pfb></usr/share/texmf-dist/fon
ts/type1/public/amsfonts/cm/cmmi6.pfb></usr/share/texmf-dist/fonts/type1/public
/amsfonts/cm/cmmi8.pfb></usr/share/texmf-dist/fonts/type1/public/amsfonts/cm/cm
r10.pfb></usr/share/texmf-dist/fonts/type1/public/amsfonts/cm/cmr6.pfb></usr/sh
are/texmf-dist/fonts/type1/public/amsfonts/cm/cmr8.pfb></usr/share/texmf-dist/f
onts/type1/public/amsfonts/cm/cmsy10.pfb></usr/share/texmf-dist/fonts/type1/pub
lic/amsfonts/cm/cmsy6.pfb></usr/share/texmf-dist/fonts/type1/public/amsfonts/cm
/cmsy8.pfb></usr/share/texmf-dist/fonts/type1/public/amsfonts/symbols/msbm10.pf
b></usr/share/texmf-dist/fonts/type1/public/cm-super/sftt1095.pfb>
Output written on main.pdf (47 pages, 1980227 bytes).
PDF statistics:
 1850 PDF objects out of 2073 (max. 8388607)
 1128 compressed objects within 12 object streams
 194 named destinations out of 1000 (max. 500000)
 657 words of extra memory for PDF output out of 10000 (max. 10000000)

